#
# There is insufficient memory for the Java Runtime Environment to continue.
# Native memory allocation (malloc) failed to allocate 356768 bytes. Error detail: Chunk::new
# Possible reasons:
#   The system is out of physical RAM or swap space
#   This process is running with CompressedOops enabled, and the Java Heap may be blocking the growth of the native heap
# Possible solutions:
#   Reduce memory load on the system
#   Increase physical memory or swap space
#   Check if swap backing store is full
#   Decrease Java heap size (-Xmx/-Xms)
#   Decrease number of Java threads
#   Decrease Java thread stack sizes (-Xss)
#   Set larger code cache with -XX:ReservedCodeCacheSize=
#   JVM is running with Unscaled Compressed Oops mode in which the Java heap is
#     placed in the first 4GB address space. The Java Heap base address is the
#     maximum limit for the native heap growth. Please use -XX:HeapBaseMinAddress
#     to set the Java Heap base and to place the Java Heap above 4GB virtual address.
# This output file may be truncated or incomplete.
#
#  Out of Memory Error (arena.cpp:168), pid=8828, tid=7392
#
# JRE version: OpenJDK Runtime Environment JBR-21.0.8+9-1163.69-jcef (21.0.8+9) (build 21.0.8+9-b1163.69)
# Java VM: OpenJDK 64-Bit Server VM JBR-21.0.8+9-1163.69-jcef (21.0.8+9-b1163.69, mixed mode, sharing, tiered, compressed oops, compressed class ptrs, g1 gc, windows-amd64)
# No core dump will be written. Minidumps are not enabled by default on client versions of Windows
#

---------------  S U M M A R Y ------------

Command Line: --enable-native-access=ALL-UNNAMED -Dclassworlds.conf=C:\maven\apache-maven-3.9.11-bin\apache-maven-3.9.11\bin\m2.conf -Dmaven.home=C:\maven\apache-maven-3.9.11-bin\apache-maven-3.9.11 -Dlibrary.jansi.path=C:\maven\apache-maven-3.9.11-bin\apache-maven-3.9.11\lib\jansi-native -Dmaven.multiModuleProjectDirectory=C:\Users\Еля\Desktop\Практика\Duty org.codehaus.plexus.classworlds.launcher.Launcher clean compile

Host: AMD Ryzen 3 3200U with Radeon Vega Mobile Gfx  , 4 cores, 5G,  Windows 11 , 64 bit Build 22621 (10.0.22621.5415)
Time: Thu Dec 18 10:52:04 2025 elapsed time: 6.150532 seconds (0d 0h 0m 6s)

---------------  T H R E A D  ---------------

Current thread (0x000000001a22a7c0):  JavaThread "C2 CompilerThread0" daemon [_thread_in_native, id=7392, stack(0x000000001aee0000,0x000000001afe0000) (1024K)]


Current CompileTask:
C2:6150 1589 % !   4       java.util.concurrent.ConcurrentHashMap::transfer @ 96 (849 bytes)

Stack: [0x000000001aee0000,0x000000001afe0000]
Native frames: (J=compiled Java code, j=interpreted, Vv=VM code, C=native code)
V  [jvm.dll+0x6ebf99]
V  [jvm.dll+0x8cbfa3]
V  [jvm.dll+0x8ce55e]
V  [jvm.dll+0x8cec43]
V  [jvm.dll+0x28adf6]
V  [jvm.dll+0xc6f3d]
V  [jvm.dll+0xc7473]
V  [jvm.dll+0x3c7aeb]
V  [jvm.dll+0x393697]
V  [jvm.dll+0x392b0a]
V  [jvm.dll+0x251d92]
V  [jvm.dll+0x251361]
V  [jvm.dll+0x1ceb64]
V  [jvm.dll+0x260bfe]
V  [jvm.dll+0x25f146]
V  [jvm.dll+0x402ee6]
V  [jvm.dll+0x873b58]
V  [jvm.dll+0x6ea71d]
C  [ucrtbase.dll+0x29333]
C  [KERNEL32.DLL+0x1259d]
C  [ntdll.dll+0x5af78]


---------------  P R O C E S S  ---------------

Threads class SMR info:
_java_thread_list=0x0000000061822c80, length=11, elements={
0x0000000002c5f8e0, 0x000000001a21a4a0, 0x000000001a21f600, 0x000000001a220410,
0x000000001a225b00, 0x000000001a226560, 0x000000001a226fc0, 0x000000001a227a20,
0x000000001a22a7c0, 0x000000001a29a2d0, 0x00000000611bc330
}

Java Threads: ( => current thread )
  0x0000000002c5f8e0 JavaThread "main"                              [_thread_in_Java, id=10008, stack(0x00000000009e0000,0x0000000000ae0000) (1024K)]
  0x000000001a21a4a0 JavaThread "Common-Cleaner"             daemon [_thread_blocked, id=8556, stack(0x000000001a7e0000,0x000000001a8e0000) (1024K)]
  0x000000001a21f600 JavaThread "Reference Handler"          daemon [_thread_blocked, id=3444, stack(0x000000001a8e0000,0x000000001a9e0000) (1024K)]
  0x000000001a220410 JavaThread "Finalizer"                  daemon [_thread_blocked, id=8436, stack(0x000000001a9e0000,0x000000001aae0000) (1024K)]
  0x000000001a225b00 JavaThread "Signal Dispatcher"          daemon [_thread_blocked, id=10004, stack(0x000000001aae0000,0x000000001abe0000) (1024K)]
  0x000000001a226560 JavaThread "Attach Listener"            daemon [_thread_blocked, id=10000, stack(0x000000001abe0000,0x000000001ace0000) (1024K)]
  0x000000001a226fc0 JavaThread "Service Thread"             daemon [_thread_blocked, id=10224, stack(0x000000001ace0000,0x000000001ade0000) (1024K)]
  0x000000001a227a20 JavaThread "Monitor Deflation Thread"   daemon [_thread_blocked, id=10012, stack(0x000000001ade0000,0x000000001aee0000) (1024K)]
=>0x000000001a22a7c0 JavaThread "C2 CompilerThread0"         daemon [_thread_in_native, id=7392, stack(0x000000001aee0000,0x000000001afe0000) (1024K)]
  0x000000001a29a2d0 JavaThread "C1 CompilerThread0"         daemon [_thread_blocked, id=7404, stack(0x0000000061000000,0x0000000061100000) (1024K)]
  0x00000000611bc330 JavaThread "Notification Thread"        daemon [_thread_blocked, id=3860, stack(0x0000000061500000,0x0000000061600000) (1024K)]
Total: 11

Other Threads:
  0x000000001a207090 VMThread "VM Thread"                           [id=9052, stack(0x000000001a6e0000,0x000000001a7e0000) (1024K)]
  0x0000000002d1e220 WatcherThread "VM Periodic Task Thread"        [id=8744, stack(0x000000001a5e0000,0x000000001a6e0000) (1024K)]
  0x0000000002c9fe00 WorkerThread "GC Thread#0"                     [id=8536, stack(0x0000000002a40000,0x0000000002b40000) (1024K)]
  0x0000000061cb1b30 WorkerThread "GC Thread#1"                     [id=3904, stack(0x0000000062050000,0x0000000062150000) (1024K)]
  0x0000000061f44880 WorkerThread "GC Thread#2"                     [id=10212, stack(0x0000000062150000,0x0000000062250000) (1024K)]
  0x0000000061f44c20 WorkerThread "GC Thread#3"                     [id=10308, stack(0x0000000062250000,0x0000000062350000) (1024K)]
  0x0000000002cacc60 ConcurrentGCThread "G1 Main Marker"            [id=8348, stack(0x0000000017a80000,0x0000000017b80000) (1024K)]
  0x0000000002cad910 WorkerThread "G1 Conc#0"                       [id=8272, stack(0x0000000017b80000,0x0000000017c80000) (1024K)]
  0x0000000002d10270 ConcurrentGCThread "G1 Refine#0"               [id=8560, stack(0x000000001a2c0000,0x000000001a3c0000) (1024K)]
  0x000000001a0d1400 ConcurrentGCThread "G1 Service"                [id=8956, stack(0x000000001a3c0000,0x000000001a4c0000) (1024K)]
Total: 10

Threads with active compile tasks:
C2 CompilerThread0  6174 1589 % !   4       java.util.concurrent.ConcurrentHashMap::transfer @ 96 (849 bytes)
Total: 1

VM state: not at safepoint (normal execution)

VM Mutex/Monitor currently owned by a thread: None

Heap address: 0x00000000a0c00000, size: 1524 MB, Compressed Oops mode: 32-bit

CDS archive(s) mapped at: [0x000000001b000000-0x000000001cc20000-0x000000001cc20000), size 29491200, SharedBaseAddress: 0x000000001b000000, ArchiveRelocationMode: 1.
Compressed class space mapped at: 0x000000001d000000-0x000000005d000000, reserved size: 1073741824
Narrow klass base: 0x000000001b000000, Narrow klass shift: 0, Narrow klass range: 0x100000000

GC Precious Log:
 CardTable entry size: 512
 Card Set container configuration: InlinePtr #cards 5 size 8 Array Of Cards #cards 12 size 40 Howl #buckets 4 coarsen threshold 1843 Howl Bitmap #cards 512 size 80 coarsen threshold 460 Card regions per heap region 1 cards per card region 2048
 CPUs: 4 total, 4 available
 Memory: 6090M
 Large Page Support: Disabled
 NUMA Support: Disabled
 Compressed Oops: Enabled (32-bit)
 Heap Region Size: 1M
 Heap Min Capacity: 8M
 Heap Initial Capacity: 96M
 Heap Max Capacity: 1524M
 Pre-touch: Disabled
 Parallel Workers: 4
 Concurrent Workers: 1
 Concurrent Refinement Workers: 4
 Periodic GC: Disabled

Heap:
 garbage-first heap   total 98304K, used 13837K [0x00000000a0c00000, 0x0000000100000000)
  region size 1024K, 11 young (11264K), 1 survivors (1024K)
 Metaspace       used 5892K, committed 6016K, reserved 1114112K
  class space    used 694K, committed 768K, reserved 1048576K

Heap Regions: E=young(eden), S=young(survivor), O=old, HS=humongous(starts), HC=humongous(continues), CS=collection set, F=free, TAMS=top-at-mark-start, PB=parsable bottom
|   0|0x00000000a0c00000, 0x00000000a0d00000, 0x00000000a0d00000|100%| O|  |TAMS 0x00000000a0c00000| PB 0x00000000a0c00000| Untracked 
|   1|0x00000000a0d00000, 0x00000000a0e00000, 0x00000000a0e00000|100%| O|  |TAMS 0x00000000a0d00000| PB 0x00000000a0d00000| Untracked 
|   2|0x00000000a0e00000, 0x00000000a0f00000, 0x00000000a0f00000|100%| O|  |TAMS 0x00000000a0e00000| PB 0x00000000a0e00000| Untracked 
|   3|0x00000000a0f00000, 0x00000000a0fcd458, 0x00000000a1000000| 80%| O|  |TAMS 0x00000000a0f00000| PB 0x00000000a0f00000| Untracked 
|   4|0x00000000a1000000, 0x00000000a1000000, 0x00000000a1100000|  0%| F|  |TAMS 0x00000000a1000000| PB 0x00000000a1000000| Untracked 
|   5|0x00000000a1100000, 0x00000000a1100000, 0x00000000a1200000|  0%| F|  |TAMS 0x00000000a1100000| PB 0x00000000a1100000| Untracked 
|   6|0x00000000a1200000, 0x00000000a1200000, 0x00000000a1300000|  0%| F|  |TAMS 0x00000000a1200000| PB 0x00000000a1200000| Untracked 
|   7|0x00000000a1300000, 0x00000000a1300000, 0x00000000a1400000|  0%| F|  |TAMS 0x00000000a1300000| PB 0x00000000a1300000| Untracked 
|   8|0x00000000a1400000, 0x00000000a1400000, 0x00000000a1500000|  0%| F|  |TAMS 0x00000000a1400000| PB 0x00000000a1400000| Untracked 
|   9|0x00000000a1500000, 0x00000000a1500000, 0x00000000a1600000|  0%| F|  |TAMS 0x00000000a1500000| PB 0x00000000a1500000| Untracked 
|  10|0x00000000a1600000, 0x00000000a1600000, 0x00000000a1700000|  0%| F|  |TAMS 0x00000000a1600000| PB 0x00000000a1600000| Untracked 
|  11|0x00000000a1700000, 0x00000000a1700000, 0x00000000a1800000|  0%| F|  |TAMS 0x00000000a1700000| PB 0x00000000a1700000| Untracked 
|  12|0x00000000a1800000, 0x00000000a1800000, 0x00000000a1900000|  0%| F|  |TAMS 0x00000000a1800000| PB 0x00000000a1800000| Untracked 
|  13|0x00000000a1900000, 0x00000000a1900000, 0x00000000a1a00000|  0%| F|  |TAMS 0x00000000a1900000| PB 0x00000000a1900000| Untracked 
|  14|0x00000000a1a00000, 0x00000000a1a00000, 0x00000000a1b00000|  0%| F|  |TAMS 0x00000000a1a00000| PB 0x00000000a1a00000| Untracked 
|  15|0x00000000a1b00000, 0x00000000a1b00000, 0x00000000a1c00000|  0%| F|  |TAMS 0x00000000a1b00000| PB 0x00000000a1b00000| Untracked 
|  16|0x00000000a1c00000, 0x00000000a1c00000, 0x00000000a1d00000|  0%| F|  |TAMS 0x00000000a1c00000| PB 0x00000000a1c00000| Untracked 
|  17|0x00000000a1d00000, 0x00000000a1d00000, 0x00000000a1e00000|  0%| F|  |TAMS 0x00000000a1d00000| PB 0x00000000a1d00000| Untracked 
|  18|0x00000000a1e00000, 0x00000000a1e00000, 0x00000000a1f00000|  0%| F|  |TAMS 0x00000000a1e00000| PB 0x00000000a1e00000| Untracked 
|  19|0x00000000a1f00000, 0x00000000a1f00000, 0x00000000a2000000|  0%| F|  |TAMS 0x00000000a1f00000| PB 0x00000000a1f00000| Untracked 
|  20|0x00000000a2000000, 0x00000000a2000000, 0x00000000a2100000|  0%| F|  |TAMS 0x00000000a2000000| PB 0x00000000a2000000| Untracked 
|  21|0x00000000a2100000, 0x00000000a2100000, 0x00000000a2200000|  0%| F|  |TAMS 0x00000000a2100000| PB 0x00000000a2100000| Untracked 
|  22|0x00000000a2200000, 0x00000000a2200000, 0x00000000a2300000|  0%| F|  |TAMS 0x00000000a2200000| PB 0x00000000a2200000| Untracked 
|  23|0x00000000a2300000, 0x00000000a2300000, 0x00000000a2400000|  0%| F|  |TAMS 0x00000000a2300000| PB 0x00000000a2300000| Untracked 
|  24|0x00000000a2400000, 0x00000000a2400000, 0x00000000a2500000|  0%| F|  |TAMS 0x00000000a2400000| PB 0x00000000a2400000| Untracked 
|  25|0x00000000a2500000, 0x00000000a2500000, 0x00000000a2600000|  0%| F|  |TAMS 0x00000000a2500000| PB 0x00000000a2500000| Untracked 
|  26|0x00000000a2600000, 0x00000000a2600000, 0x00000000a2700000|  0%| F|  |TAMS 0x00000000a2600000| PB 0x00000000a2600000| Untracked 
|  27|0x00000000a2700000, 0x00000000a2700000, 0x00000000a2800000|  0%| F|  |TAMS 0x00000000a2700000| PB 0x00000000a2700000| Untracked 
|  28|0x00000000a2800000, 0x00000000a2800000, 0x00000000a2900000|  0%| F|  |TAMS 0x00000000a2800000| PB 0x00000000a2800000| Untracked 
|  29|0x00000000a2900000, 0x00000000a2900000, 0x00000000a2a00000|  0%| F|  |TAMS 0x00000000a2900000| PB 0x00000000a2900000| Untracked 
|  30|0x00000000a2a00000, 0x00000000a2a00000, 0x00000000a2b00000|  0%| F|  |TAMS 0x00000000a2a00000| PB 0x00000000a2a00000| Untracked 
|  31|0x00000000a2b00000, 0x00000000a2b00000, 0x00000000a2c00000|  0%| F|  |TAMS 0x00000000a2b00000| PB 0x00000000a2b00000| Untracked 
|  32|0x00000000a2c00000, 0x00000000a2c00000, 0x00000000a2d00000|  0%| F|  |TAMS 0x00000000a2c00000| PB 0x00000000a2c00000| Untracked 
|  33|0x00000000a2d00000, 0x00000000a2d00000, 0x00000000a2e00000|  0%| F|  |TAMS 0x00000000a2d00000| PB 0x00000000a2d00000| Untracked 
|  34|0x00000000a2e00000, 0x00000000a2e00000, 0x00000000a2f00000|  0%| F|  |TAMS 0x00000000a2e00000| PB 0x00000000a2e00000| Untracked 
|  35|0x00000000a2f00000, 0x00000000a2f00000, 0x00000000a3000000|  0%| F|  |TAMS 0x00000000a2f00000| PB 0x00000000a2f00000| Untracked 
|  36|0x00000000a3000000, 0x00000000a3000000, 0x00000000a3100000|  0%| F|  |TAMS 0x00000000a3000000| PB 0x00000000a3000000| Untracked 
|  37|0x00000000a3100000, 0x00000000a3100000, 0x00000000a3200000|  0%| F|  |TAMS 0x00000000a3100000| PB 0x00000000a3100000| Untracked 
|  38|0x00000000a3200000, 0x00000000a3200000, 0x00000000a3300000|  0%| F|  |TAMS 0x00000000a3200000| PB 0x00000000a3200000| Untracked 
|  39|0x00000000a3300000, 0x00000000a3300000, 0x00000000a3400000|  0%| F|  |TAMS 0x00000000a3300000| PB 0x00000000a3300000| Untracked 
|  40|0x00000000a3400000, 0x00000000a3400000, 0x00000000a3500000|  0%| F|  |TAMS 0x00000000a3400000| PB 0x00000000a3400000| Untracked 
|  41|0x00000000a3500000, 0x00000000a3500000, 0x00000000a3600000|  0%| F|  |TAMS 0x00000000a3500000| PB 0x00000000a3500000| Untracked 
|  42|0x00000000a3600000, 0x00000000a3600000, 0x00000000a3700000|  0%| F|  |TAMS 0x00000000a3600000| PB 0x00000000a3600000| Untracked 
|  43|0x00000000a3700000, 0x00000000a3700000, 0x00000000a3800000|  0%| F|  |TAMS 0x00000000a3700000| PB 0x00000000a3700000| Untracked 
|  44|0x00000000a3800000, 0x00000000a3800000, 0x00000000a3900000|  0%| F|  |TAMS 0x00000000a3800000| PB 0x00000000a3800000| Untracked 
|  45|0x00000000a3900000, 0x00000000a3900000, 0x00000000a3a00000|  0%| F|  |TAMS 0x00000000a3900000| PB 0x00000000a3900000| Untracked 
|  46|0x00000000a3a00000, 0x00000000a3a00000, 0x00000000a3b00000|  0%| F|  |TAMS 0x00000000a3a00000| PB 0x00000000a3a00000| Untracked 
|  47|0x00000000a3b00000, 0x00000000a3b00000, 0x00000000a3c00000|  0%| F|  |TAMS 0x00000000a3b00000| PB 0x00000000a3b00000| Untracked 
|  48|0x00000000a3c00000, 0x00000000a3c00000, 0x00000000a3d00000|  0%| F|  |TAMS 0x00000000a3c00000| PB 0x00000000a3c00000| Untracked 
|  49|0x00000000a3d00000, 0x00000000a3d00000, 0x00000000a3e00000|  0%| F|  |TAMS 0x00000000a3d00000| PB 0x00000000a3d00000| Untracked 
|  50|0x00000000a3e00000, 0x00000000a3e00000, 0x00000000a3f00000|  0%| F|  |TAMS 0x00000000a3e00000| PB 0x00000000a3e00000| Untracked 
|  51|0x00000000a3f00000, 0x00000000a3f00000, 0x00000000a4000000|  0%| F|  |TAMS 0x00000000a3f00000| PB 0x00000000a3f00000| Untracked 
|  52|0x00000000a4000000, 0x00000000a4000000, 0x00000000a4100000|  0%| F|  |TAMS 0x00000000a4000000| PB 0x00000000a4000000| Untracked 
|  53|0x00000000a4100000, 0x00000000a4100000, 0x00000000a4200000|  0%| F|  |TAMS 0x00000000a4100000| PB 0x00000000a4100000| Untracked 
|  54|0x00000000a4200000, 0x00000000a4200000, 0x00000000a4300000|  0%| F|  |TAMS 0x00000000a4200000| PB 0x00000000a4200000| Untracked 
|  55|0x00000000a4300000, 0x00000000a4300000, 0x00000000a4400000|  0%| F|  |TAMS 0x00000000a4300000| PB 0x00000000a4300000| Untracked 
|  56|0x00000000a4400000, 0x00000000a4400000, 0x00000000a4500000|  0%| F|  |TAMS 0x00000000a4400000| PB 0x00000000a4400000| Untracked 
|  57|0x00000000a4500000, 0x00000000a4500000, 0x00000000a4600000|  0%| F|  |TAMS 0x00000000a4500000| PB 0x00000000a4500000| Untracked 
|  58|0x00000000a4600000, 0x00000000a4600000, 0x00000000a4700000|  0%| F|  |TAMS 0x00000000a4600000| PB 0x00000000a4600000| Untracked 
|  59|0x00000000a4700000, 0x00000000a4700000, 0x00000000a4800000|  0%| F|  |TAMS 0x00000000a4700000| PB 0x00000000a4700000| Untracked 
|  60|0x00000000a4800000, 0x00000000a4800000, 0x00000000a4900000|  0%| F|  |TAMS 0x00000000a4800000| PB 0x00000000a4800000| Untracked 
|  61|0x00000000a4900000, 0x00000000a4900000, 0x00000000a4a00000|  0%| F|  |TAMS 0x00000000a4900000| PB 0x00000000a4900000| Untracked 
|  62|0x00000000a4a00000, 0x00000000a4a00000, 0x00000000a4b00000|  0%| F|  |TAMS 0x00000000a4a00000| PB 0x00000000a4a00000| Untracked 
|  63|0x00000000a4b00000, 0x00000000a4b00000, 0x00000000a4c00000|  0%| F|  |TAMS 0x00000000a4b00000| PB 0x00000000a4b00000| Untracked 
|  64|0x00000000a4c00000, 0x00000000a4c00000, 0x00000000a4d00000|  0%| F|  |TAMS 0x00000000a4c00000| PB 0x00000000a4c00000| Untracked 
|  65|0x00000000a4d00000, 0x00000000a4d00000, 0x00000000a4e00000|  0%| F|  |TAMS 0x00000000a4d00000| PB 0x00000000a4d00000| Untracked 
|  66|0x00000000a4e00000, 0x00000000a4e00000, 0x00000000a4f00000|  0%| F|  |TAMS 0x00000000a4e00000| PB 0x00000000a4e00000| Untracked 
|  67|0x00000000a4f00000, 0x00000000a4f00000, 0x00000000a5000000|  0%| F|  |TAMS 0x00000000a4f00000| PB 0x00000000a4f00000| Untracked 
|  68|0x00000000a5000000, 0x00000000a5000000, 0x00000000a5100000|  0%| F|  |TAMS 0x00000000a5000000| PB 0x00000000a5000000| Untracked 
|  69|0x00000000a5100000, 0x00000000a5100000, 0x00000000a5200000|  0%| F|  |TAMS 0x00000000a5100000| PB 0x00000000a5100000| Untracked 
|  70|0x00000000a5200000, 0x00000000a5200000, 0x00000000a5300000|  0%| F|  |TAMS 0x00000000a5200000| PB 0x00000000a5200000| Untracked 
|  71|0x00000000a5300000, 0x00000000a5300000, 0x00000000a5400000|  0%| F|  |TAMS 0x00000000a5300000| PB 0x00000000a5300000| Untracked 
|  72|0x00000000a5400000, 0x00000000a5400000, 0x00000000a5500000|  0%| F|  |TAMS 0x00000000a5400000| PB 0x00000000a5400000| Untracked 
|  73|0x00000000a5500000, 0x00000000a5500000, 0x00000000a5600000|  0%| F|  |TAMS 0x00000000a5500000| PB 0x00000000a5500000| Untracked 
|  74|0x00000000a5600000, 0x00000000a5600000, 0x00000000a5700000|  0%| F|  |TAMS 0x00000000a5600000| PB 0x00000000a5600000| Untracked 
|  75|0x00000000a5700000, 0x00000000a5700000, 0x00000000a5800000|  0%| F|  |TAMS 0x00000000a5700000| PB 0x00000000a5700000| Untracked 
|  76|0x00000000a5800000, 0x00000000a5800000, 0x00000000a5900000|  0%| F|  |TAMS 0x00000000a5800000| PB 0x00000000a5800000| Untracked 
|  77|0x00000000a5900000, 0x00000000a5900000, 0x00000000a5a00000|  0%| F|  |TAMS 0x00000000a5900000| PB 0x00000000a5900000| Untracked 
|  78|0x00000000a5a00000, 0x00000000a5a00000, 0x00000000a5b00000|  0%| F|  |TAMS 0x00000000a5a00000| PB 0x00000000a5a00000| Untracked 
|  79|0x00000000a5b00000, 0x00000000a5bb60a0, 0x00000000a5c00000| 71%| S|CS|TAMS 0x00000000a5b00000| PB 0x00000000a5b00000| Complete 
|  80|0x00000000a5c00000, 0x00000000a5c00000, 0x00000000a5d00000|  0%| F|  |TAMS 0x00000000a5c00000| PB 0x00000000a5c00000| Untracked 
|  81|0x00000000a5d00000, 0x00000000a5d00000, 0x00000000a5e00000|  0%| F|  |TAMS 0x00000000a5d00000| PB 0x00000000a5d00000| Untracked 
|  82|0x00000000a5e00000, 0x00000000a5e00000, 0x00000000a5f00000|  0%| F|  |TAMS 0x00000000a5e00000| PB 0x00000000a5e00000| Untracked 
|  83|0x00000000a5f00000, 0x00000000a5f00000, 0x00000000a6000000|  0%| F|  |TAMS 0x00000000a5f00000| PB 0x00000000a5f00000| Untracked 
|  84|0x00000000a6000000, 0x00000000a6000000, 0x00000000a6100000|  0%| F|  |TAMS 0x00000000a6000000| PB 0x00000000a6000000| Untracked 
|  85|0x00000000a6100000, 0x00000000a6100000, 0x00000000a6200000|  0%| F|  |TAMS 0x00000000a6100000| PB 0x00000000a6100000| Untracked 
|  86|0x00000000a6200000, 0x00000000a62b18d8, 0x00000000a6300000| 69%| E|  |TAMS 0x00000000a6200000| PB 0x00000000a6200000| Complete 
|  87|0x00000000a6300000, 0x00000000a6400000, 0x00000000a6400000|100%| E|CS|TAMS 0x00000000a6300000| PB 0x00000000a6300000| Complete 
|  88|0x00000000a6400000, 0x00000000a6500000, 0x00000000a6500000|100%| E|CS|TAMS 0x00000000a6400000| PB 0x00000000a6400000| Complete 
|  89|0x00000000a6500000, 0x00000000a6600000, 0x00000000a6600000|100%| E|CS|TAMS 0x00000000a6500000| PB 0x00000000a6500000| Complete 
|  90|0x00000000a6600000, 0x00000000a6700000, 0x00000000a6700000|100%| E|CS|TAMS 0x00000000a6600000| PB 0x00000000a6600000| Complete 
|  91|0x00000000a6700000, 0x00000000a6800000, 0x00000000a6800000|100%| E|CS|TAMS 0x00000000a6700000| PB 0x00000000a6700000| Complete 
|  92|0x00000000a6800000, 0x00000000a6900000, 0x00000000a6900000|100%| E|CS|TAMS 0x00000000a6800000| PB 0x00000000a6800000| Complete 
|  93|0x00000000a6900000, 0x00000000a6a00000, 0x00000000a6a00000|100%| E|CS|TAMS 0x00000000a6900000| PB 0x00000000a6900000| Complete 
|  94|0x00000000a6a00000, 0x00000000a6b00000, 0x00000000a6b00000|100%| E|CS|TAMS 0x00000000a6a00000| PB 0x00000000a6a00000| Complete 
|  95|0x00000000a6b00000, 0x00000000a6c00000, 0x00000000a6c00000|100%| E|CS|TAMS 0x00000000a6b00000| PB 0x00000000a6b00000| Complete 

Card table byte_map: [0x0000000015fb0000,0x00000000162b0000] _byte_map_base: 0x0000000015aaa000

Marking Bits: (CMBitMap*) 0x0000000002ca0500
 Bits: [0x00000000162b0000, 0x0000000017a80000)

Polling page: 0x0000000000570000

Metaspace:

Usage:
  Non-class:      5.08 MB used.
      Class:    695.73 KB used.
       Both:      5.76 MB used.

Virtual space:
  Non-class space:       64.00 MB reserved,       5.12 MB (  8%) committed,  1 nodes.
      Class space:        1.00 GB reserved,     768.00 KB ( <1%) committed,  1 nodes.
             Both:        1.06 GB reserved,       5.88 MB ( <1%) committed. 

Chunk freelists:
   Non-Class:  8.27 MB
       Class:  15.12 MB
        Both:  23.39 MB

MaxMetaspaceSize: unlimited
CompressedClassSpaceSize: 1.00 GB
Initial GC threshold: 21.00 MB
Current GC threshold: 21.00 MB
CDS: on
 - commit_granule_bytes: 65536.
 - commit_granule_words: 8192.
 - virtual_space_node_default_size: 8388608.
 - enlarge_chunks_in_place: 1.
 - use_allocation_guard: 0.


Internal statistics:

num_allocs_failed_limit: 0.
num_arena_births: 44.
num_arena_deaths: 0.
num_vsnodes_births: 2.
num_vsnodes_deaths: 0.
num_space_committed: 94.
num_space_uncommitted: 0.
num_chunks_returned_to_freelist: 0.
num_chunks_taken_from_freelist: 226.
num_chunk_merges: 0.
num_chunk_splits: 167.
num_chunks_enlarged: 148.
num_inconsistent_stats: 0.

CodeHeap 'non-profiled nmethods': size=120000Kb used=652Kb max_used=652Kb free=119347Kb
 bounds [0x000000000e780000, 0x000000000e9f0000, 0x0000000015cb0000]
CodeHeap 'profiled nmethods': size=120000Kb used=3089Kb max_used=3089Kb free=116910Kb
 bounds [0x0000000006cb0000, 0x0000000006fc0000, 0x000000000e1e0000]
CodeHeap 'non-nmethods': size=5760Kb used=1360Kb max_used=1386Kb free=4399Kb
 bounds [0x000000000e1e0000, 0x000000000e450000, 0x000000000e780000]
CodeCache: size=245760Kb, used=5101Kb, max_used=5127Kb, free=240656Kb
 total_blobs=2077, nmethods=1611, adapters=371, full_count=0
Compilation: enabled, stopped_count=0, restarted_count=0

Compilation events (20 events):
Event: 6.124 Thread 0x000000001a29a2d0 nmethod 1587 0x0000000006fad390 code [0x0000000006fad560, 0x0000000006fad8e8]
Event: 6.125 Thread 0x000000001a29a2d0 1588  s    3       java.util.Hashtable::get (69 bytes)
Event: 6.126 Thread 0x000000001a29a2d0 nmethod 1588 0x0000000006fada10 code [0x0000000006fadc00, 0x0000000006fae150]
Event: 6.127 Thread 0x000000001a22a7c0 1589 % !   4       java.util.concurrent.ConcurrentHashMap::transfer @ 96 (849 bytes)
Event: 6.129 Thread 0x000000001a29a2d0 1590       1       java.lang.ClassLoader::getUnnamedModule (5 bytes)
Event: 6.129 Thread 0x000000001a29a2d0 nmethod 1590 0x000000000e821910 code [0x000000000e821aa0, 0x000000000e821b68]
Event: 6.133 Thread 0x000000001a29a2d0 1592       1       java.net.URLConnection::getUseCaches (5 bytes)
Event: 6.133 Thread 0x000000001a29a2d0 nmethod 1592 0x000000000e821c10 code [0x000000000e821da0, 0x000000000e821e70]
Event: 6.136 Thread 0x000000001a29a2d0 1593       1       java.net.JarURLConnection::getJarFileURL (5 bytes)
Event: 6.136 Thread 0x000000001a29a2d0 nmethod 1593 0x000000000e821f10 code [0x000000000e8220a0, 0x000000000e822168]
Event: 6.136 Thread 0x000000001a29a2d0 1594       1       java.net.JarURLConnection::getEntryName (5 bytes)
Event: 6.136 Thread 0x000000001a29a2d0 nmethod 1594 0x000000000e822210 code [0x000000000e8223a0, 0x000000000e822468]
Event: 6.138 Thread 0x000000001a29a2d0 1595       3       java.lang.Class::getAnnotation (22 bytes)
Event: 6.138 Thread 0x000000001a29a2d0 nmethod 1595 0x0000000006fae310 code [0x0000000006fae500, 0x0000000006fae980]
Event: 6.138 Thread 0x000000001a29a2d0 1596       3       jdk.internal.misc.Unsafe::weakCompareAndSetInt (11 bytes)
Event: 6.138 Thread 0x000000001a29a2d0 nmethod 1596 0x0000000006faeb10 code [0x0000000006faeca0, 0x0000000006faedc8]
Event: 6.140 Thread 0x000000001a29a2d0 1597       3       java.lang.invoke.Invokers::checkExactType (17 bytes)
Event: 6.140 Thread 0x000000001a29a2d0 nmethod 1597 0x0000000006faee90 code [0x0000000006faf040, 0x0000000006faf230]
Event: 6.140 Thread 0x000000001a29a2d0 1598       3       java.lang.invoke.Invokers::checkCustomized (23 bytes)
Event: 6.140 Thread 0x000000001a29a2d0 nmethod 1598 0x0000000006faf310 code [0x0000000006faf4c0, 0x0000000006faf680]

GC Heap History (4 events):
Event: 3.924 GC heap before
{Heap before GC invocations=0 (full 0):
 garbage-first heap   total 98304K, used 12288K [0x00000000a0c00000, 0x0000000100000000)
  region size 1024K, 13 young (13312K), 0 survivors (0K)
 Metaspace       used 2801K, committed 2944K, reserved 1114112K
  class space    used 270K, committed 320K, reserved 1048576K
}
Event: 3.938 GC heap after
{Heap after GC invocations=1 (full 0):
 garbage-first heap   total 98304K, used 3744K [0x00000000a0c00000, 0x0000000100000000)
  region size 1024K, 2 young (2048K), 2 survivors (2048K)
 Metaspace       used 2801K, committed 2944K, reserved 1114112K
  class space    used 270K, committed 320K, reserved 1048576K
}
Event: 5.732 GC heap before
{Heap before GC invocations=1 (full 0):
 garbage-first heap   total 98304K, used 18080K [0x00000000a0c00000, 0x0000000100000000)
  region size 1024K, 16 young (16384K), 2 survivors (2048K)
 Metaspace       used 4941K, committed 5184K, reserved 1114112K
  class space    used 580K, committed 704K, reserved 1048576K
}
Event: 5.740 GC heap after
{Heap after GC invocations=2 (full 0):
 garbage-first heap   total 98304K, used 4621K [0x00000000a0c00000, 0x0000000100000000)
  region size 1024K, 1 young (1024K), 1 survivors (1024K)
 Metaspace       used 4941K, committed 5184K, reserved 1114112K
  class space    used 580K, committed 704K, reserved 1048576K
}

Dll operation events (3 events):
Event: 0.044 Loaded shared library C:\Program Files\JetBrains\IntelliJ IDEA 2025.3\jbr\bin\java.dll
Event: 0.191 Loaded shared library C:\Program Files\JetBrains\IntelliJ IDEA 2025.3\jbr\bin\zip.dll
Event: 2.174 Loaded shared library C:\Program Files\JetBrains\IntelliJ IDEA 2025.3\jbr\bin\verify.dll

Deoptimization events (20 events):
Event: 5.348 Thread 0x0000000002c5f8e0 Uncommon trap: trap_request=0xffffff76 fr.pc=0x000000000e7cce8c relative=0x000000000000032c
Event: 5.348 Thread 0x0000000002c5f8e0 Uncommon trap: reason=predicate action=maybe_recompile pc=0x000000000e7cce8c method=java.util.regex.Pattern$BmpCharPropertyGreedy.match(Ljava/util/regex/Matcher;ILjava/lang/CharSequence;)Z @ 12 c2
Event: 5.349 Thread 0x0000000002c5f8e0 DEOPT PACKING pc=0x000000000e7cce8c sp=0x0000000000ade270
Event: 5.349 Thread 0x0000000002c5f8e0 DEOPT UNPACKING pc=0x000000000e2346a2 sp=0x0000000000ade228 mode 2
Event: 5.487 Thread 0x0000000002c5f8e0 Uncommon trap: trap_request=0xffffff45 fr.pc=0x000000000e7ef1cc relative=0x000000000000198c
Event: 5.487 Thread 0x0000000002c5f8e0 Uncommon trap: reason=unstable_if action=reinterpret pc=0x000000000e7ef1cc method=java.nio.charset.CoderResult.isOverflow()Z @ 5 c2
Event: 5.487 Thread 0x0000000002c5f8e0 DEOPT PACKING pc=0x000000000e7ef1cc sp=0x0000000000ade2a0
Event: 5.488 Thread 0x0000000002c5f8e0 DEOPT UNPACKING pc=0x000000000e2346a2 sp=0x0000000000adde20 mode 2
Event: 5.607 Thread 0x0000000002c5f8e0 Uncommon trap: trap_request=0xffffff45 fr.pc=0x000000000e7f3670 relative=0x0000000000000df0
Event: 5.607 Thread 0x0000000002c5f8e0 Uncommon trap: reason=unstable_if action=reinterpret pc=0x000000000e7f3670 method=sun.nio.cs.StreamDecoder.implRead([CII)I @ 186 c2
Event: 5.607 Thread 0x0000000002c5f8e0 DEOPT PACKING pc=0x000000000e7f3670 sp=0x0000000000ade050
Event: 5.607 Thread 0x0000000002c5f8e0 DEOPT UNPACKING pc=0x000000000e2346a2 sp=0x0000000000addf78 mode 2
Event: 5.607 Thread 0x0000000002c5f8e0 Uncommon trap: trap_request=0xffffff45 fr.pc=0x000000000e7f3308 relative=0x0000000000000a88
Event: 5.607 Thread 0x0000000002c5f8e0 Uncommon trap: reason=unstable_if action=reinterpret pc=0x000000000e7f3308 method=sun.nio.cs.StreamDecoder.lockedRead0()I @ 30 c2
Event: 5.607 Thread 0x0000000002c5f8e0 DEOPT PACKING pc=0x000000000e7f3308 sp=0x0000000000ade1c0
Event: 5.608 Thread 0x0000000002c5f8e0 DEOPT UNPACKING pc=0x000000000e2346a2 sp=0x0000000000ade088 mode 2
Event: 5.608 Thread 0x0000000002c5f8e0 Uncommon trap: trap_request=0xffffff45 fr.pc=0x000000000e7f75b4 relative=0x00000000000004d4
Event: 5.608 Thread 0x0000000002c5f8e0 Uncommon trap: reason=unstable_if action=reinterpret pc=0x000000000e7f75b4 method=java.io.Reader.read()I @ 12 c2
Event: 5.608 Thread 0x0000000002c5f8e0 DEOPT PACKING pc=0x000000000e7f75b4 sp=0x0000000000ade250
Event: 5.608 Thread 0x0000000002c5f8e0 DEOPT UNPACKING pc=0x000000000e2346a2 sp=0x0000000000ade1a0 mode 2

Classes loaded (20 events):
Event: 1.805 Loading class jdk/internal/loader/NativeLibraries$Unloader
Event: 1.805 Loading class jdk/internal/loader/NativeLibraries$Unloader done
Event: 2.171 Loading class sun/nio/fs/WindowsPath$1
Event: 2.171 Loading class sun/nio/fs/WindowsPath$1 done
Event: 2.581 Loading class java/net/URLClassLoader$3
Event: 2.582 Loading class java/net/URLClassLoader$3 done
Event: 2.582 Loading class java/net/URLClassLoader$3$1
Event: 2.582 Loading class java/net/URLClassLoader$3$1 done
Event: 3.395 Loading class sun/text/resources/cldr/FormatData_en_US
Event: 3.395 Loading class sun/text/resources/cldr/FormatData_en_US done
Event: 4.400 Loading class sun/reflect/annotation/TypeAnnotation$LocationInfo
Event: 4.401 Loading class sun/reflect/annotation/TypeAnnotation$LocationInfo done
Event: 4.401 Loading class sun/reflect/annotation/TypeAnnotation$LocationInfo$Location
Event: 4.401 Loading class sun/reflect/annotation/TypeAnnotation$LocationInfo$Location done
Event: 4.401 Loading class sun/reflect/annotation/AnnotatedTypeFactory
Event: 4.402 Loading class sun/reflect/annotation/AnnotatedTypeFactory done
Event: 4.402 Loading class sun/reflect/annotation/AnnotatedTypeFactory$AnnotatedTypeBaseImpl
Event: 4.402 Loading class sun/reflect/annotation/AnnotatedTypeFactory$AnnotatedTypeBaseImpl done
Event: 5.332 Loading class java/lang/annotation/IncompleteAnnotationException
Event: 5.333 Loading class java/lang/annotation/IncompleteAnnotationException done

Classes unloaded (0 events):
No events

Classes redefined (0 events):
No events

Internal exceptions (20 events):
Event: 6.129 Thread 0x0000000002c5f8e0 Exception <a 'sun/nio/fs/WindowsException'{0x00000000a64f7f20}> (0x00000000a64f7f20) 
thrown [s\src\hotspot\share\prims\jni.cpp, line 537]
Event: 6.129 Thread 0x0000000002c5f8e0 Exception <a 'sun/nio/fs/WindowsException'{0x00000000a64fd998}> (0x00000000a64fd998) 
thrown [s\src\hotspot\share\prims\jni.cpp, line 537]
Event: 6.131 Thread 0x0000000002c5f8e0 Exception <a 'sun/nio/fs/WindowsException'{0x00000000a6300ec0}> (0x00000000a6300ec0) 
thrown [s\src\hotspot\share\prims\jni.cpp, line 537]
Event: 6.132 Thread 0x0000000002c5f8e0 Exception <a 'sun/nio/fs/WindowsException'{0x00000000a6307f20}> (0x00000000a6307f20) 
thrown [s\src\hotspot\share\prims\jni.cpp, line 537]
Event: 6.132 Thread 0x0000000002c5f8e0 Exception <a 'sun/nio/fs/WindowsException'{0x00000000a630d2c0}> (0x00000000a630d2c0) 
thrown [s\src\hotspot\share\prims\jni.cpp, line 537]
Event: 6.133 Thread 0x0000000002c5f8e0 Exception <a 'sun/nio/fs/WindowsException'{0x00000000a63117c0}> (0x00000000a63117c0) 
thrown [s\src\hotspot\share\prims\jni.cpp, line 537]
Event: 6.134 Thread 0x0000000002c5f8e0 Exception <a 'sun/nio/fs/WindowsException'{0x00000000a6317898}> (0x00000000a6317898) 
thrown [s\src\hotspot\share\prims\jni.cpp, line 537]
Event: 6.135 Thread 0x0000000002c5f8e0 Exception <a 'sun/nio/fs/WindowsException'{0x00000000a631b6c8}> (0x00000000a631b6c8) 
thrown [s\src\hotspot\share\prims\jni.cpp, line 537]
Event: 6.136 Thread 0x0000000002c5f8e0 Exception <a 'sun/nio/fs/WindowsException'{0x00000000a631e7d0}> (0x00000000a631e7d0) 
thrown [s\src\hotspot\share\prims\jni.cpp, line 537]
Event: 6.137 Thread 0x0000000002c5f8e0 Exception <a 'sun/nio/fs/WindowsException'{0x00000000a6323be0}> (0x00000000a6323be0) 
thrown [s\src\hotspot\share\prims\jni.cpp, line 537]
Event: 6.137 Thread 0x0000000002c5f8e0 Exception <a 'sun/nio/fs/WindowsException'{0x00000000a6327340}> (0x00000000a6327340) 
thrown [s\src\hotspot\share\prims\jni.cpp, line 537]
Event: 6.138 Thread 0x0000000002c5f8e0 Exception <a 'sun/nio/fs/WindowsException'{0x00000000a632a3b0}> (0x00000000a632a3b0) 
thrown [s\src\hotspot\share\prims\jni.cpp, line 537]
Event: 6.139 Thread 0x0000000002c5f8e0 Exception <a 'sun/nio/fs/WindowsException'{0x00000000a632f598}> (0x00000000a632f598) 
thrown [s\src\hotspot\share\prims\jni.cpp, line 537]
Event: 6.139 Thread 0x0000000002c5f8e0 Exception <a 'sun/nio/fs/WindowsException'{0x00000000a6332c20}> (0x00000000a6332c20) 
thrown [s\src\hotspot\share\prims\jni.cpp, line 537]
Event: 6.140 Thread 0x0000000002c5f8e0 Exception <a 'sun/nio/fs/WindowsException'{0x00000000a6335d98}> (0x00000000a6335d98) 
thrown [s\src\hotspot\share\prims\jni.cpp, line 537]
Event: 6.141 Thread 0x0000000002c5f8e0 Exception <a 'sun/nio/fs/WindowsException'{0x00000000a633c460}> (0x00000000a633c460) 
thrown [s\src\hotspot\share\prims\jni.cpp, line 537]
Event: 6.142 Thread 0x0000000002c5f8e0 Exception <a 'sun/nio/fs/WindowsException'{0x00000000a6340920}> (0x00000000a6340920) 
thrown [s\src\hotspot\share\prims\jni.cpp, line 537]
Event: 6.143 Thread 0x0000000002c5f8e0 Exception <a 'sun/nio/fs/WindowsException'{0x00000000a6347258}> (0x00000000a6347258) 
thrown [s\src\hotspot\share\prims\jni.cpp, line 537]
Event: 6.143 Thread 0x0000000002c5f8e0 Exception <a 'sun/nio/fs/WindowsException'{0x00000000a634c058}> (0x00000000a634c058) 
thrown [s\src\hotspot\share\prims\jni.cpp, line 537]
Event: 6.145 Thread 0x0000000002c5f8e0 Exception <a 'sun/nio/fs/WindowsException'{0x00000000a634f378}> (0x00000000a634f378) 
thrown [s\src\hotspot\share\prims\jni.cpp, line 537]

ZGC Phase Switch (0 events):
No events

VM Operations (18 events):
Event: 0.455 Executing VM operation: HandshakeAllThreads (Deoptimize)
Event: 0.455 Executing VM operation: HandshakeAllThreads (Deoptimize) done
Event: 1.457 Executing VM operation: Cleanup
Event: 1.457 Executing VM operation: Cleanup done
Event: 1.647 Executing VM operation: HandshakeAllThreads (Deoptimize)
Event: 1.647 Executing VM operation: HandshakeAllThreads (Deoptimize) done
Event: 1.686 Executing VM operation: HandshakeAllThreads (Deoptimize)
Event: 1.686 Executing VM operation: HandshakeAllThreads (Deoptimize) done
Event: 2.331 Executing VM operation: HandshakeAllThreads (Deoptimize)
Event: 2.518 Executing VM operation: HandshakeAllThreads (Deoptimize) done
Event: 2.518 Executing VM operation: Cleanup
Event: 2.534 Executing VM operation: Cleanup done
Event: 3.543 Executing VM operation: Cleanup
Event: 3.635 Executing VM operation: Cleanup done
Event: 3.923 Executing VM operation: G1CollectForAllocation (G1 Evacuation Pause)
Event: 3.938 Executing VM operation: G1CollectForAllocation (G1 Evacuation Pause) done
Event: 5.732 Executing VM operation: G1CollectForAllocation (G1 Evacuation Pause)
Event: 5.740 Executing VM operation: G1CollectForAllocation (G1 Evacuation Pause) done

Memory protections (0 events):
No events

Nmethod flushes (0 events):
No events

Events (18 events):
Event: 0.141 Thread 0x0000000002c5f8e0 Thread added: 0x0000000002c5f8e0
Event: 0.197 Thread 0x0000000002c5f8e0 Thread added: 0x000000001a21a4a0
Event: 0.205 Thread 0x0000000002c5f8e0 Thread added: 0x000000001a21f600
Event: 0.205 Thread 0x0000000002c5f8e0 Thread added: 0x000000001a220410
Event: 0.205 Thread 0x0000000002c5f8e0 Thread added: 0x000000001a225b00
Event: 0.205 Thread 0x0000000002c5f8e0 Thread added: 0x000000001a226560
Event: 0.205 Thread 0x0000000002c5f8e0 Thread added: 0x000000001a226fc0
Event: 0.205 Thread 0x0000000002c5f8e0 Thread added: 0x000000001a227a20
Event: 0.205 Thread 0x0000000002c5f8e0 Thread added: 0x000000001a22a7c0
Event: 0.262 Thread 0x0000000002c5f8e0 Thread added: 0x000000001a29a2d0
Event: 0.373 Thread 0x0000000002c5f8e0 Thread added: 0x00000000611bc330
Event: 0.438 Loaded shared library C:\Program Files\JetBrains\IntelliJ IDEA 2025.3\jbr\bin\net.dll
Event: 0.446 Loaded shared library C:\Program Files\JetBrains\IntelliJ IDEA 2025.3\jbr\bin\nio.dll
Event: 0.453 Loaded shared library C:\Program Files\JetBrains\IntelliJ IDEA 2025.3\jbr\bin\zip.dll
Event: 1.704 Thread 0x0000000002c5f8e0 Thread added: 0x0000000061761e20
Event: 1.805 Loaded shared library C:\maven\apache-maven-3.9.11-bin\apache-maven-3.9.11\lib\jansi-native\Windows\x86_64\jansi.dll
Event: 2.327 Loaded shared library C:\Program Files\JetBrains\IntelliJ IDEA 2025.3\jbr\bin\jimage.dll
Event: 4.283 Thread 0x0000000061761e20 Thread exited: 0x0000000061761e20


Dynamic libraries:
0x00007ff762b90000 - 0x00007ff762b9a000 	C:\Program Files\JetBrains\IntelliJ IDEA 2025.3\jbr\bin\java.exe
0x00007fff2f2b0000 - 0x00007fff2f4c8000 	C:\Windows\SYSTEM32\ntdll.dll
0x00007fff2dd40000 - 0x00007fff2de04000 	C:\Windows\System32\KERNEL32.DLL
0x00007fff2c830000 - 0x00007fff2cc03000 	C:\Windows\System32\KERNELBASE.dll
0x00007fff2cc10000 - 0x00007fff2cd21000 	C:\Windows\System32\ucrtbase.dll
0x00007fff172f0000 - 0x00007fff17308000 	C:\Program Files\JetBrains\IntelliJ IDEA 2025.3\jbr\bin\jli.dll
0x00007fff28740000 - 0x00007fff2875b000 	C:\Program Files\JetBrains\IntelliJ IDEA 2025.3\jbr\bin\VCRUNTIME140.dll
0x00007fff2d680000 - 0x00007fff2d832000 	C:\Windows\System32\USER32.dll
0x00007fff19210000 - 0x00007fff194ac000 	C:\Windows\WinSxS\amd64_microsoft.windows.common-controls_6595b64144ccf1df_6.0.22621.6060_none_2712eda17382d24b\COMCTL32.dll
0x00007fff2cd30000 - 0x00007fff2cd56000 	C:\Windows\System32\win32u.dll
0x00007fff2ed60000 - 0x00007fff2ee07000 	C:\Windows\System32\msvcrt.dll
0x00007fff2f070000 - 0x00007fff2f099000 	C:\Windows\System32\GDI32.dll
0x00007fff2c5a0000 - 0x00007fff2c6c3000 	C:\Windows\System32\gdi32full.dll
0x00007fff2c790000 - 0x00007fff2c82a000 	C:\Windows\System32\msvcp_win.dll
0x00007fff2d360000 - 0x00007fff2d391000 	C:\Windows\System32\IMM32.DLL
0x00007fff28830000 - 0x00007fff2883c000 	C:\Program Files\JetBrains\IntelliJ IDEA 2025.3\jbr\bin\vcruntime140_1.dll
0x00007fff0d780000 - 0x00007fff0d80d000 	C:\Program Files\JetBrains\IntelliJ IDEA 2025.3\jbr\bin\msvcp140.dll
0x00007ffee1ca0000 - 0x00007ffee2a6c000 	C:\Program Files\JetBrains\IntelliJ IDEA 2025.3\jbr\bin\server\jvm.dll
0x00007fff2f180000 - 0x00007fff2f231000 	C:\Windows\System32\ADVAPI32.dll
0x00007fff2ec60000 - 0x00007fff2ed08000 	C:\Windows\System32\sechost.dll
0x00007fff2c4f0000 - 0x00007fff2c518000 	C:\Windows\System32\bcrypt.dll
0x00007fff2ef50000 - 0x00007fff2f068000 	C:\Windows\System32\RPCRT4.dll
0x00007fff2e6b0000 - 0x00007fff2e721000 	C:\Windows\System32\WS2_32.dll
0x00007fff2c280000 - 0x00007fff2c2cd000 	C:\Windows\SYSTEM32\POWRPROF.dll
0x00007fff28a30000 - 0x00007fff28a64000 	C:\Windows\SYSTEM32\WINMM.dll
0x00007fff24510000 - 0x00007fff2451a000 	C:\Windows\SYSTEM32\VERSION.dll
0x00007fff2c260000 - 0x00007fff2c273000 	C:\Windows\SYSTEM32\UMPDC.dll
0x00007fff2b380000 - 0x00007fff2b398000 	C:\Windows\SYSTEM32\kernel.appcore.dll
0x00007fff28710000 - 0x00007fff2871a000 	C:\Program Files\JetBrains\IntelliJ IDEA 2025.3\jbr\bin\jimage.dll
0x00007fff0d1f0000 - 0x00007fff0d423000 	C:\Windows\SYSTEM32\DBGHELP.DLL
0x00007fff2cfc0000 - 0x00007fff2d352000 	C:\Windows\System32\combase.dll
0x00007fff2f0a0000 - 0x00007fff2f178000 	C:\Windows\System32\OLEAUT32.dll
0x00007fff0ca70000 - 0x00007fff0caa2000 	C:\Windows\SYSTEM32\dbgcore.DLL
0x00007fff2c520000 - 0x00007fff2c59b000 	C:\Windows\System32\bcryptPrimitives.dll
0x00007fff1c5c0000 - 0x00007fff1c5e0000 	C:\Program Files\JetBrains\IntelliJ IDEA 2025.3\jbr\bin\java.dll
0x00007fff2de10000 - 0x00007fff2e6ae000 	C:\Windows\System32\SHELL32.dll
0x00007fff2c3b0000 - 0x00007fff2c4ef000 	C:\Windows\System32\wintypes.dll
0x00007fff2a260000 - 0x00007fff2ab78000 	C:\Windows\SYSTEM32\windows.storage.dll
0x00007fff2ea60000 - 0x00007fff2eb64000 	C:\Windows\System32\SHCORE.dll
0x00007fff2d840000 - 0x00007fff2d8a9000 	C:\Windows\System32\shlwapi.dll
0x00007fff2c2e0000 - 0x00007fff2c305000 	C:\Windows\SYSTEM32\profapi.dll
0x00007fff19690000 - 0x00007fff196a8000 	C:\Program Files\JetBrains\IntelliJ IDEA 2025.3\jbr\bin\zip.dll
0x00007fff28670000 - 0x00007fff28680000 	C:\Program Files\JetBrains\IntelliJ IDEA 2025.3\jbr\bin\net.dll
0x00007fff25c20000 - 0x00007fff25d4c000 	C:\Windows\SYSTEM32\WINHTTP.dll
0x00007fff2b860000 - 0x00007fff2b8c9000 	C:\Windows\system32\mswsock.dll
0x00007fff19670000 - 0x00007fff19686000 	C:\Program Files\JetBrains\IntelliJ IDEA 2025.3\jbr\bin\nio.dll
0x00007fff17020000 - 0x00007fff17044000 	C:\maven\apache-maven-3.9.11-bin\apache-maven-3.9.11\lib\jansi-native\Windows\x86_64\jansi.dll
0x00007fff1dc40000 - 0x00007fff1dc50000 	C:\Program Files\JetBrains\IntelliJ IDEA 2025.3\jbr\bin\verify.dll

JVMTI agents: none

dbghelp: loaded successfully - version: 4.0.5 - missing functions: none
symbol engine: initialized successfully - sym options: 0x614 - pdb path: .;C:\Program Files\JetBrains\IntelliJ IDEA 2025.3\jbr\bin;C:\Windows\SYSTEM32;C:\Windows\WinSxS\amd64_microsoft.windows.common-controls_6595b64144ccf1df_6.0.22621.6060_none_2712eda17382d24b;C:\Program Files\JetBrains\IntelliJ IDEA 2025.3\jbr\bin\server;C:\maven\apache-maven-3.9.11-bin\apache-maven-3.9.11\lib\jansi-native\Windows\x86_64

VM Arguments:
jvm_args: --enable-native-access=ALL-UNNAMED -Dclassworlds.conf=C:\maven\apache-maven-3.9.11-bin\apache-maven-3.9.11\bin\m2.conf -Dmaven.home=C:\maven\apache-maven-3.9.11-bin\apache-maven-3.9.11 -Dlibrary.jansi.path=C:\maven\apache-maven-3.9.11-bin\apache-maven-3.9.11\lib\jansi-native -Dmaven.multiModuleProjectDirectory=C:\Users\Еля\Desktop\Практика\Duty 
java_command: org.codehaus.plexus.classworlds.launcher.Launcher clean compile
java_class_path (initial): C:\maven\apache-maven-3.9.11-bin\apache-maven-3.9.11\boot\plexus-classworlds-2.9.0.jar
Launcher Type: SUN_STANDARD

[Global flags]
     intx CICompilerCount                          = 3                                         {product} {ergonomic}
     uint ConcGCThreads                            = 1                                         {product} {ergonomic}
     uint G1ConcRefinementThreads                  = 4                                         {product} {ergonomic}
   size_t G1HeapRegionSize                         = 1048576                                   {product} {ergonomic}
    uintx GCDrainStackTargetSize                   = 64                                        {product} {ergonomic}
   size_t InitialHeapSize                          = 100663296                                 {product} {ergonomic}
   size_t MarkStackSize                            = 4194304                                   {product} {ergonomic}
   size_t MaxHeapSize                              = 1598029824                                {product} {ergonomic}
   size_t MaxNewSize                               = 958398464                                 {product} {ergonomic}
   size_t MinHeapDeltaBytes                        = 1048576                                   {product} {ergonomic}
   size_t MinHeapSize                              = 8388608                                   {product} {ergonomic}
    uintx NonNMethodCodeHeapSize                   = 5832780                                {pd product} {ergonomic}
    uintx NonProfiledCodeHeapSize                  = 122912730                              {pd product} {ergonomic}
    uintx ProfiledCodeHeapSize                     = 122912730                              {pd product} {ergonomic}
    uintx ReservedCodeCacheSize                    = 251658240                              {pd product} {ergonomic}
     bool SegmentedCodeCache                       = true                                      {product} {ergonomic}
   size_t SoftMaxHeapSize                          = 1598029824                             {manageable} {ergonomic}
     bool UseCompressedOops                        = true                           {product lp64_product} {ergonomic}
     bool UseG1GC                                  = true                                      {product} {ergonomic}
     bool UseLargePagesIndividualAllocation        = false                                  {pd product} {ergonomic}

Logging:
Log output configuration:
 #0: stdout all=warning uptime,level,tags foldmultilines=false
 #1: stderr all=off uptime,level,tags foldmultilines=false

Environment Variables:
JAVA_HOME=C:\Program Files\JetBrains\IntelliJ IDEA 2025.3\jbr
PATH=C:\Program Files\Common Files\Oracle\Java\javapath;C:\Program Files (x86)\Common Files\Oracle\Java\javapath;C:\Windows\system32;C:\Windows;C:\Windows\System32\Wbem;C:\Windows\System32\WindowsPowerShell\v1.0\;C:\Windows\System32\OpenSSH\;C:\Program Files\Git\cmd;C:\Program Files (x86)\Windows Kits\10\Windows Performance Toolkit\;C:\Program Files\dotnet\;C:\Android\platform-tools;C:\ProgramData\chocolatey\bin;%JAVA_HOME%\bin;C:\Program Files\JetBrains\IntelliJ IDEA 2025.3\jbr\bin;C:\Users\Еля\AppData\Local\Programs\Python\Python311\Scripts\;C:\Users\Еля\AppData\Local\Programs\Python\Python311\;C:\Users\Еля\AppData\Local\Microsoft\WindowsApps;C:\Program Files\JetBrains\IntelliJ IDEA Community Edition 2024.3.5\bin;;C:\Program Files\JetBrains\IntelliJ IDEA 2025.3\bin;C:\Users\Еля\.dotnet\tools;C:\Users\Еля\AppData\Local\Programs\Microsoft VS Code\bin;C:\Users\Еля\AppData\Local\Pub\Cache\bin;C:\Program Files\Java\jdk-17\bin;C:\tools\flutter\bin;C:\Users\Еля\AppData\Local\GitHubDesktop\bin;C:\maven\apache-maven-3.9.11-bin\apache-maven-3.9.11\bin;
USERNAME=Еля
OS=Windows_NT
PROCESSOR_IDENTIFIER=AMD64 Family 23 Model 24 Stepping 1, AuthenticAMD
TMP=C:\Temp
TEMP=C:\Temp




Periodic native trim disabled

JNI global refs:
JNI global refs: 8, weak refs: 0

JNI global refs memory usage: 835, weak refs: 833

Process memory usage:
Resident Set Size: 96316K (1% of 6236300K total physical memory with 52776K free physical memory)

OOME stack traces (most recent first):
Classloader memory used:
Loader org.codehaus.plexus.classworlds.realm.ClassRealm                                : 4320K
Loader bootstrap                                                                       : 1510K
Loader jdk.internal.loader.ClassLoaders$AppClassLoader                                 : 93208B
Loader jdk.internal.loader.ClassLoaders$PlatformClassLoader                            : 2784B

---------------  S Y S T E M  ---------------

OS:
 Windows 11 , 64 bit Build 22621 (10.0.22621.5415)
OS uptime: 0 days 2:04 hours

CPU: total 4 (initial active 4) (4 cores per cpu, 2 threads per core) family 23 model 24 stepping 1 microcode 0x0, cx8, cmov, fxsr, ht, mmx, 3dnowpref, sse, sse2, sse3, ssse3, sse4a, sse4.1, sse4.2, popcnt, lzcnt, tsc, tscinvbit, avx, avx2, aes, clmul, bmi1, bmi2, adx, sha, fma, vzeroupper, clflush, clflushopt, rdtscp, f16c
Processor Information for the first 4 processors :
  Max Mhz: 2600, Current Mhz: 2600, Mhz Limit: 2600

Memory: 4k page, system-wide physical 6090M (51M free)
TotalPageFile size 24522M (AvailPageFile size 3M)
current process WorkingSet (physical memory assigned to process): 94M, peak: 94M
current process commit charge ("private bytes"): 202M, peak: 203M

vm_info: OpenJDK 64-Bit Server VM (21.0.8+9-b1163.69) for windows-amd64 JRE (21.0.8+9-b1163.69), built on 2025-10-24 by "builduser" with MS VC++ 16.10 / 16.11 (VS2019)

END.
