#
# There is insufficient memory for the Java Runtime Environment to continue.
# Native memory allocation (malloc) failed to allocate 32744 bytes. Error detail: Chunk::new
# Possible reasons:
#   The system is out of physical RAM or swap space
#   This process is running with CompressedOops enabled, and the Java Heap may be blocking the growth of the native heap
# Possible solutions:
#   Reduce memory load on the system
#   Increase physical memory or swap space
#   Check if swap backing store is full
#   Decrease Java heap size (-Xmx/-Xms)
#   Decrease number of Java threads
#   Decrease Java thread stack sizes (-Xss)
#   Set larger code cache with -XX:ReservedCodeCacheSize=
#   JVM is running with Unscaled Compressed Oops mode in which the Java heap is
#     placed in the first 4GB address space. The Java Heap base address is the
#     maximum limit for the native heap growth. Please use -XX:HeapBaseMinAddress
#     to set the Java Heap base and to place the Java Heap above 4GB virtual address.
# This output file may be truncated or incomplete.
#
#  Out of Memory Error (arena.cpp:168), pid=8624, tid=2776
#
# JRE version: OpenJDK Runtime Environment JBR-21.0.8+9-1163.69-jcef (21.0.8+9) (build 21.0.8+9-b1163.69)
# Java VM: OpenJDK 64-Bit Server VM JBR-21.0.8+9-1163.69-jcef (21.0.8+9-b1163.69, mixed mode, tiered, compressed oops, compressed class ptrs, g1 gc, windows-amd64)
# No core dump will be written. Minidumps are not enabled by default on client versions of Windows
#

---------------  S U M M A R Y ------------

Command Line: -Dclassworlds.conf=C:\maven\apache-maven-3.9.11-bin\apache-maven-3.9.11\bin\m2.conf -Dmaven.home=C:\maven\apache-maven-3.9.11-bin\apache-maven-3.9.11 -Dlibrary.jansi.path=C:\maven\apache-maven-3.9.11-bin\apache-maven-3.9.11\lib\jansi-native -Dmaven.multiModuleProjectDirectory=C:\Users\Еля\Desktop\Практика\Duty org.codehaus.plexus.classworlds.launcher.Launcher clean compile

Host: AMD Ryzen 3 3200U with Radeon Vega Mobile Gfx  , 4 cores, 5G,  Windows 11 , 64 bit Build 22621 (10.0.22621.5415)
Time: Thu Dec 18 10:53:16 2025 elapsed time: 0.420447 seconds (0d 0h 0m 0s)

---------------  T H R E A D  ---------------

Current thread (0x000000001a7c62b0):  JavaThread "C2 CompilerThread0" daemon [_thread_in_vm, id=2776, stack(0x000000001f300000,0x000000001f400000) (1024K)]

Stack: [0x000000001f300000,0x000000001f400000]
Native frames: (J=compiled Java code, j=interpreted, Vv=VM code, C=native code)
V  [jvm.dll+0x6ebf99]
V  [jvm.dll+0x8cbfa3]
V  [jvm.dll+0x8ce55e]
V  [jvm.dll+0x8cec43]
V  [jvm.dll+0x28adf6]
V  [jvm.dll+0xc6f3d]
V  [jvm.dll+0xc7473]
V  [jvm.dll+0x28ca40]
V  [jvm.dll+0x252652]
V  [jvm.dll+0x2502bc]
V  [jvm.dll+0x747239]
V  [jvm.dll+0x746d3f]
V  [jvm.dll+0x1cee91]
V  [jvm.dll+0x25fd60]
V  [jvm.dll+0x25eed4]
V  [jvm.dll+0x402ee6]
V  [jvm.dll+0x873b58]
V  [jvm.dll+0x6ea71d]
C  [ucrtbase.dll+0x29333]
C  [KERNEL32.DLL+0x1259d]
C  [ntdll.dll+0x5af78]


---------------  P R O C E S S  ---------------

Threads class SMR info:
_java_thread_list=0x000000001a791b30, length=9, elements={
0x00000000005fed50, 0x000000001a23e180, 0x000000001a793c30, 0x000000001a7c0240,
0x000000001a7c1de0, 0x000000001a7c2c50, 0x000000001a7c36b0, 0x000000001a7c4110,
0x000000001a7c62b0
}

Java Threads: ( => current thread )
  0x00000000005fed50 JavaThread "main"                              [_thread_in_vm, id=11856, stack(0x0000000002170000,0x0000000002270000) (1024K)]
  0x000000001a23e180 JavaThread "Common-Cleaner"             daemon [_thread_blocked, id=5464, stack(0x000000001ab70000,0x000000001ac70000) (1024K)]
  0x000000001a793c30 JavaThread "Reference Handler"          daemon [_thread_blocked, id=11872, stack(0x000000001ac70000,0x000000001ad70000) (1024K)]
  0x000000001a7c0240 JavaThread "Finalizer"                  daemon [_thread_blocked, id=10756, stack(0x000000001ad70000,0x000000001ae70000) (1024K)]
  0x000000001a7c1de0 JavaThread "Signal Dispatcher"          daemon [_thread_new, id=12276, stack(0x0000000000000000,0x0000000000000000) (0B)]
  0x000000001a7c2c50 JavaThread "Attach Listener"            daemon [_thread_new, id=11224, stack(0x0000000000000000,0x0000000000000000) (0B)]
  0x000000001a7c36b0 JavaThread "Service Thread"             daemon [_thread_new, id=3500, stack(0x0000000000000000,0x0000000000000000) (0B)]
  0x000000001a7c4110 JavaThread "Monitor Deflation Thread"   daemon [_thread_new, id=8164, stack(0x0000000000000000,0x0000000000000000) (0B)]
=>0x000000001a7c62b0 JavaThread "C2 CompilerThread0"         daemon [_thread_in_vm, id=2776, stack(0x000000001f300000,0x000000001f400000) (1024K)]
Total: 9

Other Threads:
  0x000000001a1eb630 VMThread "VM Thread"                           [id=2500, stack(0x000000001a670000,0x000000001a770000) (1024K)]
  0x000000001a1770f0 WatcherThread "VM Periodic Task Thread"        [id=11268, stack(0x000000001a570000,0x000000001a670000) (1024K)]
  0x0000000002c01ab0 WorkerThread "GC Thread#0"                     [id=11288, stack(0x00000000029e0000,0x0000000002ae0000) (1024K)]
  0x0000000002c0e9d0 ConcurrentGCThread "G1 Main Marker"            [id=9392, stack(0x00000000179e0000,0x0000000017ae0000) (1024K)]
  0x0000000002c12400 WorkerThread "G1 Conc#0"                       [id=11808, stack(0x0000000017ae0000,0x0000000017be0000) (1024K)]
  0x000000001a050090 ConcurrentGCThread "G1 Refine#0"               [id=5868, stack(0x000000001a240000,0x000000001a340000) (1024K)]
  0x000000001a050b10 ConcurrentGCThread "G1 Service"                [id=5660, stack(0x000000001a340000,0x000000001a440000) (1024K)]
Total: 7

Threads with active compile tasks:
Total: 0

VM state: not at safepoint (normal execution)

VM Mutex/Monitor currently owned by a thread: None

Heap address: 0x00000000a0c00000, size: 1524 MB, Compressed Oops mode: 32-bit

CDS archive(s) not mapped
Compressed class space mapped at: 0x0000000100000000-0x0000000140000000, reserved size: 1073741824
Narrow klass base: 0x0000000000000000, Narrow klass shift: 3, Narrow klass range: 0x140000000

GC Precious Log:
 CardTable entry size: 512
 Card Set container configuration: InlinePtr #cards 5 size 8 Array Of Cards #cards 12 size 40 Howl #buckets 4 coarsen threshold 1843 Howl Bitmap #cards 512 size 80 coarsen threshold 460 Card regions per heap region 1 cards per card region 2048
 CPUs: 4 total, 4 available
 Memory: 6090M
 Large Page Support: Disabled
 NUMA Support: Disabled
 Compressed Oops: Enabled (32-bit)
 Heap Region Size: 1M
 Heap Min Capacity: 8M
 Heap Initial Capacity: 96M
 Heap Max Capacity: 1524M
 Pre-touch: Disabled
 Parallel Workers: 4
 Concurrent Workers: 1
 Concurrent Refinement Workers: 4
 Periodic GC: Disabled

Heap:
 garbage-first heap   total 98304K, used 0K [0x00000000a0c00000, 0x0000000100000000)
  region size 1024K, 1 young (1024K), 0 survivors (0K)
 Metaspace       used 3292K, committed 3392K, reserved 1114112K
  class space    used 260K, committed 320K, reserved 1048576K

Heap Regions: E=young(eden), S=young(survivor), O=old, HS=humongous(starts), HC=humongous(continues), CS=collection set, F=free, TAMS=top-at-mark-start, PB=parsable bottom
|   0|0x00000000a0c00000, 0x00000000a0c00000, 0x00000000a0d00000|  0%| F|  |TAMS 0x00000000a0c00000| PB 0x00000000a0c00000| Untracked 
|   1|0x00000000a0d00000, 0x00000000a0d00000, 0x00000000a0e00000|  0%| F|  |TAMS 0x00000000a0d00000| PB 0x00000000a0d00000| Untracked 
|   2|0x00000000a0e00000, 0x00000000a0e00000, 0x00000000a0f00000|  0%| F|  |TAMS 0x00000000a0e00000| PB 0x00000000a0e00000| Untracked 
|   3|0x00000000a0f00000, 0x00000000a0f00000, 0x00000000a1000000|  0%| F|  |TAMS 0x00000000a0f00000| PB 0x00000000a0f00000| Untracked 
|   4|0x00000000a1000000, 0x00000000a1000000, 0x00000000a1100000|  0%| F|  |TAMS 0x00000000a1000000| PB 0x00000000a1000000| Untracked 
|   5|0x00000000a1100000, 0x00000000a1100000, 0x00000000a1200000|  0%| F|  |TAMS 0x00000000a1100000| PB 0x00000000a1100000| Untracked 
|   6|0x00000000a1200000, 0x00000000a1200000, 0x00000000a1300000|  0%| F|  |TAMS 0x00000000a1200000| PB 0x00000000a1200000| Untracked 
|   7|0x00000000a1300000, 0x00000000a1300000, 0x00000000a1400000|  0%| F|  |TAMS 0x00000000a1300000| PB 0x00000000a1300000| Untracked 
|   8|0x00000000a1400000, 0x00000000a1400000, 0x00000000a1500000|  0%| F|  |TAMS 0x00000000a1400000| PB 0x00000000a1400000| Untracked 
|   9|0x00000000a1500000, 0x00000000a1500000, 0x00000000a1600000|  0%| F|  |TAMS 0x00000000a1500000| PB 0x00000000a1500000| Untracked 
|  10|0x00000000a1600000, 0x00000000a1600000, 0x00000000a1700000|  0%| F|  |TAMS 0x00000000a1600000| PB 0x00000000a1600000| Untracked 
|  11|0x00000000a1700000, 0x00000000a1700000, 0x00000000a1800000|  0%| F|  |TAMS 0x00000000a1700000| PB 0x00000000a1700000| Untracked 
|  12|0x00000000a1800000, 0x00000000a1800000, 0x00000000a1900000|  0%| F|  |TAMS 0x00000000a1800000| PB 0x00000000a1800000| Untracked 
|  13|0x00000000a1900000, 0x00000000a1900000, 0x00000000a1a00000|  0%| F|  |TAMS 0x00000000a1900000| PB 0x00000000a1900000| Untracked 
|  14|0x00000000a1a00000, 0x00000000a1a00000, 0x00000000a1b00000|  0%| F|  |TAMS 0x00000000a1a00000| PB 0x00000000a1a00000| Untracked 
|  15|0x00000000a1b00000, 0x00000000a1b00000, 0x00000000a1c00000|  0%| F|  |TAMS 0x00000000a1b00000| PB 0x00000000a1b00000| Untracked 
|  16|0x00000000a1c00000, 0x00000000a1c00000, 0x00000000a1d00000|  0%| F|  |TAMS 0x00000000a1c00000| PB 0x00000000a1c00000| Untracked 
|  17|0x00000000a1d00000, 0x00000000a1d00000, 0x00000000a1e00000|  0%| F|  |TAMS 0x00000000a1d00000| PB 0x00000000a1d00000| Untracked 
|  18|0x00000000a1e00000, 0x00000000a1e00000, 0x00000000a1f00000|  0%| F|  |TAMS 0x00000000a1e00000| PB 0x00000000a1e00000| Untracked 
|  19|0x00000000a1f00000, 0x00000000a1f00000, 0x00000000a2000000|  0%| F|  |TAMS 0x00000000a1f00000| PB 0x00000000a1f00000| Untracked 
|  20|0x00000000a2000000, 0x00000000a2000000, 0x00000000a2100000|  0%| F|  |TAMS 0x00000000a2000000| PB 0x00000000a2000000| Untracked 
|  21|0x00000000a2100000, 0x00000000a2100000, 0x00000000a2200000|  0%| F|  |TAMS 0x00000000a2100000| PB 0x00000000a2100000| Untracked 
|  22|0x00000000a2200000, 0x00000000a2200000, 0x00000000a2300000|  0%| F|  |TAMS 0x00000000a2200000| PB 0x00000000a2200000| Untracked 
|  23|0x00000000a2300000, 0x00000000a2300000, 0x00000000a2400000|  0%| F|  |TAMS 0x00000000a2300000| PB 0x00000000a2300000| Untracked 
|  24|0x00000000a2400000, 0x00000000a2400000, 0x00000000a2500000|  0%| F|  |TAMS 0x00000000a2400000| PB 0x00000000a2400000| Untracked 
|  25|0x00000000a2500000, 0x00000000a2500000, 0x00000000a2600000|  0%| F|  |TAMS 0x00000000a2500000| PB 0x00000000a2500000| Untracked 
|  26|0x00000000a2600000, 0x00000000a2600000, 0x00000000a2700000|  0%| F|  |TAMS 0x00000000a2600000| PB 0x00000000a2600000| Untracked 
|  27|0x00000000a2700000, 0x00000000a2700000, 0x00000000a2800000|  0%| F|  |TAMS 0x00000000a2700000| PB 0x00000000a2700000| Untracked 
|  28|0x00000000a2800000, 0x00000000a2800000, 0x00000000a2900000|  0%| F|  |TAMS 0x00000000a2800000| PB 0x00000000a2800000| Untracked 
|  29|0x00000000a2900000, 0x00000000a2900000, 0x00000000a2a00000|  0%| F|  |TAMS 0x00000000a2900000| PB 0x00000000a2900000| Untracked 
|  30|0x00000000a2a00000, 0x00000000a2a00000, 0x00000000a2b00000|  0%| F|  |TAMS 0x00000000a2a00000| PB 0x00000000a2a00000| Untracked 
|  31|0x00000000a2b00000, 0x00000000a2b00000, 0x00000000a2c00000|  0%| F|  |TAMS 0x00000000a2b00000| PB 0x00000000a2b00000| Untracked 
|  32|0x00000000a2c00000, 0x00000000a2c00000, 0x00000000a2d00000|  0%| F|  |TAMS 0x00000000a2c00000| PB 0x00000000a2c00000| Untracked 
|  33|0x00000000a2d00000, 0x00000000a2d00000, 0x00000000a2e00000|  0%| F|  |TAMS 0x00000000a2d00000| PB 0x00000000a2d00000| Untracked 
|  34|0x00000000a2e00000, 0x00000000a2e00000, 0x00000000a2f00000|  0%| F|  |TAMS 0x00000000a2e00000| PB 0x00000000a2e00000| Untracked 
|  35|0x00000000a2f00000, 0x00000000a2f00000, 0x00000000a3000000|  0%| F|  |TAMS 0x00000000a2f00000| PB 0x00000000a2f00000| Untracked 
|  36|0x00000000a3000000, 0x00000000a3000000, 0x00000000a3100000|  0%| F|  |TAMS 0x00000000a3000000| PB 0x00000000a3000000| Untracked 
|  37|0x00000000a3100000, 0x00000000a3100000, 0x00000000a3200000|  0%| F|  |TAMS 0x00000000a3100000| PB 0x00000000a3100000| Untracked 
|  38|0x00000000a3200000, 0x00000000a3200000, 0x00000000a3300000|  0%| F|  |TAMS 0x00000000a3200000| PB 0x00000000a3200000| Untracked 
|  39|0x00000000a3300000, 0x00000000a3300000, 0x00000000a3400000|  0%| F|  |TAMS 0x00000000a3300000| PB 0x00000000a3300000| Untracked 
|  40|0x00000000a3400000, 0x00000000a3400000, 0x00000000a3500000|  0%| F|  |TAMS 0x00000000a3400000| PB 0x00000000a3400000| Untracked 
|  41|0x00000000a3500000, 0x00000000a3500000, 0x00000000a3600000|  0%| F|  |TAMS 0x00000000a3500000| PB 0x00000000a3500000| Untracked 
|  42|0x00000000a3600000, 0x00000000a3600000, 0x00000000a3700000|  0%| F|  |TAMS 0x00000000a3600000| PB 0x00000000a3600000| Untracked 
|  43|0x00000000a3700000, 0x00000000a3700000, 0x00000000a3800000|  0%| F|  |TAMS 0x00000000a3700000| PB 0x00000000a3700000| Untracked 
|  44|0x00000000a3800000, 0x00000000a3800000, 0x00000000a3900000|  0%| F|  |TAMS 0x00000000a3800000| PB 0x00000000a3800000| Untracked 
|  45|0x00000000a3900000, 0x00000000a3900000, 0x00000000a3a00000|  0%| F|  |TAMS 0x00000000a3900000| PB 0x00000000a3900000| Untracked 
|  46|0x00000000a3a00000, 0x00000000a3a00000, 0x00000000a3b00000|  0%| F|  |TAMS 0x00000000a3a00000| PB 0x00000000a3a00000| Untracked 
|  47|0x00000000a3b00000, 0x00000000a3b00000, 0x00000000a3c00000|  0%| F|  |TAMS 0x00000000a3b00000| PB 0x00000000a3b00000| Untracked 
|  48|0x00000000a3c00000, 0x00000000a3c00000, 0x00000000a3d00000|  0%| F|  |TAMS 0x00000000a3c00000| PB 0x00000000a3c00000| Untracked 
|  49|0x00000000a3d00000, 0x00000000a3d00000, 0x00000000a3e00000|  0%| F|  |TAMS 0x00000000a3d00000| PB 0x00000000a3d00000| Untracked 
|  50|0x00000000a3e00000, 0x00000000a3e00000, 0x00000000a3f00000|  0%| F|  |TAMS 0x00000000a3e00000| PB 0x00000000a3e00000| Untracked 
|  51|0x00000000a3f00000, 0x00000000a3f00000, 0x00000000a4000000|  0%| F|  |TAMS 0x00000000a3f00000| PB 0x00000000a3f00000| Untracked 
|  52|0x00000000a4000000, 0x00000000a4000000, 0x00000000a4100000|  0%| F|  |TAMS 0x00000000a4000000| PB 0x00000000a4000000| Untracked 
|  53|0x00000000a4100000, 0x00000000a4100000, 0x00000000a4200000|  0%| F|  |TAMS 0x00000000a4100000| PB 0x00000000a4100000| Untracked 
|  54|0x00000000a4200000, 0x00000000a4200000, 0x00000000a4300000|  0%| F|  |TAMS 0x00000000a4200000| PB 0x00000000a4200000| Untracked 
|  55|0x00000000a4300000, 0x00000000a4300000, 0x00000000a4400000|  0%| F|  |TAMS 0x00000000a4300000| PB 0x00000000a4300000| Untracked 
|  56|0x00000000a4400000, 0x00000000a4400000, 0x00000000a4500000|  0%| F|  |TAMS 0x00000000a4400000| PB 0x00000000a4400000| Untracked 
|  57|0x00000000a4500000, 0x00000000a4500000, 0x00000000a4600000|  0%| F|  |TAMS 0x00000000a4500000| PB 0x00000000a4500000| Untracked 
|  58|0x00000000a4600000, 0x00000000a4600000, 0x00000000a4700000|  0%| F|  |TAMS 0x00000000a4600000| PB 0x00000000a4600000| Untracked 
|  59|0x00000000a4700000, 0x00000000a4700000, 0x00000000a4800000|  0%| F|  |TAMS 0x00000000a4700000| PB 0x00000000a4700000| Untracked 
|  60|0x00000000a4800000, 0x00000000a4800000, 0x00000000a4900000|  0%| F|  |TAMS 0x00000000a4800000| PB 0x00000000a4800000| Untracked 
|  61|0x00000000a4900000, 0x00000000a4900000, 0x00000000a4a00000|  0%| F|  |TAMS 0x00000000a4900000| PB 0x00000000a4900000| Untracked 
|  62|0x00000000a4a00000, 0x00000000a4a00000, 0x00000000a4b00000|  0%| F|  |TAMS 0x00000000a4a00000| PB 0x00000000a4a00000| Untracked 
|  63|0x00000000a4b00000, 0x00000000a4b00000, 0x00000000a4c00000|  0%| F|  |TAMS 0x00000000a4b00000| PB 0x00000000a4b00000| Untracked 
|  64|0x00000000a4c00000, 0x00000000a4c00000, 0x00000000a4d00000|  0%| F|  |TAMS 0x00000000a4c00000| PB 0x00000000a4c00000| Untracked 
|  65|0x00000000a4d00000, 0x00000000a4d00000, 0x00000000a4e00000|  0%| F|  |TAMS 0x00000000a4d00000| PB 0x00000000a4d00000| Untracked 
|  66|0x00000000a4e00000, 0x00000000a4e00000, 0x00000000a4f00000|  0%| F|  |TAMS 0x00000000a4e00000| PB 0x00000000a4e00000| Untracked 
|  67|0x00000000a4f00000, 0x00000000a4f00000, 0x00000000a5000000|  0%| F|  |TAMS 0x00000000a4f00000| PB 0x00000000a4f00000| Untracked 
|  68|0x00000000a5000000, 0x00000000a5000000, 0x00000000a5100000|  0%| F|  |TAMS 0x00000000a5000000| PB 0x00000000a5000000| Untracked 
|  69|0x00000000a5100000, 0x00000000a5100000, 0x00000000a5200000|  0%| F|  |TAMS 0x00000000a5100000| PB 0x00000000a5100000| Untracked 
|  70|0x00000000a5200000, 0x00000000a5200000, 0x00000000a5300000|  0%| F|  |TAMS 0x00000000a5200000| PB 0x00000000a5200000| Untracked 
|  71|0x00000000a5300000, 0x00000000a5300000, 0x00000000a5400000|  0%| F|  |TAMS 0x00000000a5300000| PB 0x00000000a5300000| Untracked 
|  72|0x00000000a5400000, 0x00000000a5400000, 0x00000000a5500000|  0%| F|  |TAMS 0x00000000a5400000| PB 0x00000000a5400000| Untracked 
|  73|0x00000000a5500000, 0x00000000a5500000, 0x00000000a5600000|  0%| F|  |TAMS 0x00000000a5500000| PB 0x00000000a5500000| Untracked 
|  74|0x00000000a5600000, 0x00000000a5600000, 0x00000000a5700000|  0%| F|  |TAMS 0x00000000a5600000| PB 0x00000000a5600000| Untracked 
|  75|0x00000000a5700000, 0x00000000a5700000, 0x00000000a5800000|  0%| F|  |TAMS 0x00000000a5700000| PB 0x00000000a5700000| Untracked 
|  76|0x00000000a5800000, 0x00000000a5800000, 0x00000000a5900000|  0%| F|  |TAMS 0x00000000a5800000| PB 0x00000000a5800000| Untracked 
|  77|0x00000000a5900000, 0x00000000a5900000, 0x00000000a5a00000|  0%| F|  |TAMS 0x00000000a5900000| PB 0x00000000a5900000| Untracked 
|  78|0x00000000a5a00000, 0x00000000a5a00000, 0x00000000a5b00000|  0%| F|  |TAMS 0x00000000a5a00000| PB 0x00000000a5a00000| Untracked 
|  79|0x00000000a5b00000, 0x00000000a5b00000, 0x00000000a5c00000|  0%| F|  |TAMS 0x00000000a5b00000| PB 0x00000000a5b00000| Untracked 
|  80|0x00000000a5c00000, 0x00000000a5c00000, 0x00000000a5d00000|  0%| F|  |TAMS 0x00000000a5c00000| PB 0x00000000a5c00000| Untracked 
|  81|0x00000000a5d00000, 0x00000000a5d00000, 0x00000000a5e00000|  0%| F|  |TAMS 0x00000000a5d00000| PB 0x00000000a5d00000| Untracked 
|  82|0x00000000a5e00000, 0x00000000a5e00000, 0x00000000a5f00000|  0%| F|  |TAMS 0x00000000a5e00000| PB 0x00000000a5e00000| Untracked 
|  83|0x00000000a5f00000, 0x00000000a5f00000, 0x00000000a6000000|  0%| F|  |TAMS 0x00000000a5f00000| PB 0x00000000a5f00000| Untracked 
|  84|0x00000000a6000000, 0x00000000a6000000, 0x00000000a6100000|  0%| F|  |TAMS 0x00000000a6000000| PB 0x00000000a6000000| Untracked 
|  85|0x00000000a6100000, 0x00000000a6100000, 0x00000000a6200000|  0%| F|  |TAMS 0x00000000a6100000| PB 0x00000000a6100000| Untracked 
|  86|0x00000000a6200000, 0x00000000a6200000, 0x00000000a6300000|  0%| F|  |TAMS 0x00000000a6200000| PB 0x00000000a6200000| Untracked 
|  87|0x00000000a6300000, 0x00000000a6300000, 0x00000000a6400000|  0%| F|  |TAMS 0x00000000a6300000| PB 0x00000000a6300000| Untracked 
|  88|0x00000000a6400000, 0x00000000a6400000, 0x00000000a6500000|  0%| F|  |TAMS 0x00000000a6400000| PB 0x00000000a6400000| Untracked 
|  89|0x00000000a6500000, 0x00000000a6500000, 0x00000000a6600000|  0%| F|  |TAMS 0x00000000a6500000| PB 0x00000000a6500000| Untracked 
|  90|0x00000000a6600000, 0x00000000a6600000, 0x00000000a6700000|  0%| F|  |TAMS 0x00000000a6600000| PB 0x00000000a6600000| Untracked 
|  91|0x00000000a6700000, 0x00000000a6700000, 0x00000000a6800000|  0%| F|  |TAMS 0x00000000a6700000| PB 0x00000000a6700000| Untracked 
|  92|0x00000000a6800000, 0x00000000a6800000, 0x00000000a6900000|  0%| F|  |TAMS 0x00000000a6800000| PB 0x00000000a6800000| Untracked 
|  93|0x00000000a6900000, 0x00000000a6900000, 0x00000000a6a00000|  0%| F|  |TAMS 0x00000000a6900000| PB 0x00000000a6900000| Untracked 
|  94|0x00000000a6a00000, 0x00000000a6a00000, 0x00000000a6b00000|  0%| F|  |TAMS 0x00000000a6a00000| PB 0x00000000a6a00000| Untracked 
|  95|0x00000000a6b00000, 0x00000000a6c00000, 0x00000000a6c00000|100%| E|  |TAMS 0x00000000a6b00000| PB 0x00000000a6b00000| Complete 

Card table byte_map: [0x0000000015f10000,0x0000000016210000] _byte_map_base: 0x0000000015a0a000

Marking Bits: (CMBitMap*) 0x0000000002c020c0
 Bits: [0x0000000016210000, 0x00000000179e0000)

Polling page: 0x0000000000570000

Metaspace:

Usage:
  Non-class:      2.96 MB used.
      Class:    260.20 KB used.
       Both:      3.22 MB used.

Virtual space:
  Non-class space:       64.00 MB reserved,       3.00 MB (  5%) committed,  1 nodes.
      Class space:        1.00 GB reserved,     320.00 KB ( <1%) committed,  1 nodes.
             Both:        1.06 GB reserved,       3.31 MB ( <1%) committed. 

Chunk freelists:
   Non-Class:  12.00 MB
       Class:  15.62 MB
        Both:  27.62 MB

MaxMetaspaceSize: unlimited
CompressedClassSpaceSize: 1.00 GB
Initial GC threshold: 21.00 MB
Current GC threshold: 21.00 MB
CDS: off
 - commit_granule_bytes: 65536.
 - commit_granule_words: 8192.
 - virtual_space_node_default_size: 8388608.
 - enlarge_chunks_in_place: 1.
 - use_allocation_guard: 0.


Internal statistics:

num_allocs_failed_limit: 0.
num_arena_births: 2.
num_arena_deaths: 0.
num_vsnodes_births: 2.
num_vsnodes_deaths: 0.
num_space_committed: 53.
num_space_uncommitted: 0.
num_chunks_returned_to_freelist: 0.
num_chunks_taken_from_freelist: 4.
num_chunk_merges: 0.
num_chunk_splits: 2.
num_chunks_enlarged: 0.
num_inconsistent_stats: 0.

CodeHeap 'non-profiled nmethods': size=120000Kb used=0Kb max_used=0Kb free=120000Kb
 bounds [0x000000000e6e0000, 0x000000000e950000, 0x0000000015c10000]
CodeHeap 'profiled nmethods': size=120000Kb used=0Kb max_used=0Kb free=120000Kb
 bounds [0x0000000006c10000, 0x0000000006e80000, 0x000000000e140000]
CodeHeap 'non-nmethods': size=5760Kb used=526Kb max_used=528Kb free=5234Kb
 bounds [0x000000000e140000, 0x000000000e3b0000, 0x000000000e6e0000]
CodeCache: size=245760Kb, used=526Kb, max_used=528Kb, free=245234Kb
 total_blobs=219, nmethods=0, adapters=179, full_count=0
Compilation: enabled, stopped_count=0, restarted_count=0

Compilation events (0 events):
No events

GC Heap History (0 events):
No events

Dll operation events (2 events):
Event: 0.011 Loaded shared library C:\Program Files\JetBrains\IntelliJ IDEA 2025.3\jbr\bin\java.dll
Event: 0.094 Loaded shared library C:\Program Files\JetBrains\IntelliJ IDEA 2025.3\jbr\bin\zip.dll

Deoptimization events (0 events):
No events

Classes loaded (20 events):
Event: 0.409 Loading class sun/io/Win32ErrorMode
Event: 0.410 Loading class sun/io/Win32ErrorMode done
Event: 0.410 Loading class java/lang/ref/Reference$ReferenceHandler
Event: 0.410 Loading class java/lang/ref/Reference$ReferenceHandler done
Event: 0.410 Loading class java/lang/ref/Finalizer$FinalizerThread
Event: 0.410 Loading class java/lang/ref/Finalizer$FinalizerThread done
Event: 0.411 Loading class jdk/internal/ref/Cleaner
Event: 0.411 Loading class java/util/Collections
Event: 0.411 Loading class jdk/internal/ref/Cleaner done
Event: 0.411 Loading class jdk/internal/misc/Blocker
Event: 0.411 Loading class jdk/internal/misc/Blocker done
Event: 0.412 Loading class java/util/Collections done
Event: 0.412 Loading class java/util/Collections$EmptySet
Event: 0.412 Loading class java/util/Collections$EmptySet done
Event: 0.412 Loading class java/util/Collections$EmptyList
Event: 0.412 Loading class java/util/Collections$EmptyList done
Event: 0.413 Loading class java/util/Collections$EmptyMap
Event: 0.413 Loading class java/util/Collections$EmptyMap done
Event: 0.413 Loading class java/lang/IllegalArgumentException
Event: 0.413 Loading class java/lang/IllegalArgumentException done

Classes unloaded (0 events):
No events

Classes redefined (0 events):
No events

Internal exceptions (0 events):
No events

ZGC Phase Switch (0 events):
No events

VM Operations (0 events):
No events

Memory protections (0 events):
No events

Nmethod flushes (0 events):
No events

Events (9 events):
Event: 0.085 Thread 0x00000000005fed50 Thread added: 0x00000000005fed50
Event: 0.380 Thread 0x00000000005fed50 Thread added: 0x000000001a23e180
Event: 0.410 Thread 0x00000000005fed50 Thread added: 0x000000001a793c30
Event: 0.411 Thread 0x00000000005fed50 Thread added: 0x000000001a7c0240
Event: 0.413 Thread 0x00000000005fed50 Thread added: 0x000000001a7c1de0
Event: 0.413 Thread 0x00000000005fed50 Thread added: 0x000000001a7c2c50
Event: 0.413 Thread 0x00000000005fed50 Thread added: 0x000000001a7c36b0
Event: 0.413 Thread 0x00000000005fed50 Thread added: 0x000000001a7c4110
Event: 0.414 Thread 0x00000000005fed50 Thread added: 0x000000001a7c62b0


Dynamic libraries:
0x00007ff6b3410000 - 0x00007ff6b341a000 	C:\Program Files\JetBrains\IntelliJ IDEA 2025.3\jbr\bin\java.exe
0x00007fff2f2b0000 - 0x00007fff2f4c8000 	C:\Windows\SYSTEM32\ntdll.dll
0x00007fff2dd40000 - 0x00007fff2de04000 	C:\Windows\System32\KERNEL32.DLL
0x00007fff2c830000 - 0x00007fff2cc03000 	C:\Windows\System32\KERNELBASE.dll
0x00007fff2cc10000 - 0x00007fff2cd21000 	C:\Windows\System32\ucrtbase.dll
0x00007fff1c5c0000 - 0x00007fff1c5d8000 	C:\Program Files\JetBrains\IntelliJ IDEA 2025.3\jbr\bin\jli.dll
0x00007fff19690000 - 0x00007fff196ab000 	C:\Program Files\JetBrains\IntelliJ IDEA 2025.3\jbr\bin\VCRUNTIME140.dll
0x00007fff2d680000 - 0x00007fff2d832000 	C:\Windows\System32\USER32.dll
0x00007fff2cd30000 - 0x00007fff2cd56000 	C:\Windows\System32\win32u.dll
0x00007fff19210000 - 0x00007fff194ac000 	C:\Windows\WinSxS\amd64_microsoft.windows.common-controls_6595b64144ccf1df_6.0.22621.6060_none_2712eda17382d24b\COMCTL32.dll
0x00007fff2f070000 - 0x00007fff2f099000 	C:\Windows\System32\GDI32.dll
0x00007fff2ed60000 - 0x00007fff2ee07000 	C:\Windows\System32\msvcrt.dll
0x00007fff2c5a0000 - 0x00007fff2c6c3000 	C:\Windows\System32\gdi32full.dll
0x00007fff2c790000 - 0x00007fff2c82a000 	C:\Windows\System32\msvcp_win.dll
0x00007fff2d360000 - 0x00007fff2d391000 	C:\Windows\System32\IMM32.DLL
0x00007fff28830000 - 0x00007fff2883c000 	C:\Program Files\JetBrains\IntelliJ IDEA 2025.3\jbr\bin\vcruntime140_1.dll
0x00007fff16100000 - 0x00007fff1618d000 	C:\Program Files\JetBrains\IntelliJ IDEA 2025.3\jbr\bin\msvcp140.dll
0x00007ffee1ca0000 - 0x00007ffee2a6c000 	C:\Program Files\JetBrains\IntelliJ IDEA 2025.3\jbr\bin\server\jvm.dll
0x00007fff2f180000 - 0x00007fff2f231000 	C:\Windows\System32\ADVAPI32.dll
0x00007fff2ec60000 - 0x00007fff2ed08000 	C:\Windows\System32\sechost.dll
0x00007fff2c4f0000 - 0x00007fff2c518000 	C:\Windows\System32\bcrypt.dll
0x00007fff2ef50000 - 0x00007fff2f068000 	C:\Windows\System32\RPCRT4.dll
0x00007fff2e6b0000 - 0x00007fff2e721000 	C:\Windows\System32\WS2_32.dll
0x00007fff28a30000 - 0x00007fff28a64000 	C:\Windows\SYSTEM32\WINMM.dll
0x00007fff24510000 - 0x00007fff2451a000 	C:\Windows\SYSTEM32\VERSION.dll
0x00007fff2c280000 - 0x00007fff2c2cd000 	C:\Windows\SYSTEM32\POWRPROF.dll
0x00007fff2c260000 - 0x00007fff2c273000 	C:\Windows\SYSTEM32\UMPDC.dll
0x00007fff2b380000 - 0x00007fff2b398000 	C:\Windows\SYSTEM32\kernel.appcore.dll
0x00007fff28710000 - 0x00007fff2871a000 	C:\Program Files\JetBrains\IntelliJ IDEA 2025.3\jbr\bin\jimage.dll
0x00007fff0d1f0000 - 0x00007fff0d423000 	C:\Windows\SYSTEM32\DBGHELP.DLL
0x00007fff2cfc0000 - 0x00007fff2d352000 	C:\Windows\System32\combase.dll
0x00007fff2f0a0000 - 0x00007fff2f178000 	C:\Windows\System32\OLEAUT32.dll
0x00007fff0ca70000 - 0x00007fff0caa2000 	C:\Windows\SYSTEM32\dbgcore.DLL
0x00007fff2c520000 - 0x00007fff2c59b000 	C:\Windows\System32\bcryptPrimitives.dll
0x00007fff19670000 - 0x00007fff19690000 	C:\Program Files\JetBrains\IntelliJ IDEA 2025.3\jbr\bin\java.dll
0x00007fff19600000 - 0x00007fff19618000 	C:\Program Files\JetBrains\IntelliJ IDEA 2025.3\jbr\bin\zip.dll
0x00007fff2de10000 - 0x00007fff2e6ae000 	C:\Windows\System32\SHELL32.dll
0x00007fff2c3b0000 - 0x00007fff2c4ef000 	C:\Windows\System32\wintypes.dll
0x00007fff2a260000 - 0x00007fff2ab78000 	C:\Windows\SYSTEM32\windows.storage.dll
0x00007fff2ea60000 - 0x00007fff2eb64000 	C:\Windows\System32\SHCORE.dll
0x00007fff2d840000 - 0x00007fff2d8a9000 	C:\Windows\System32\shlwapi.dll
0x00007fff2c2e0000 - 0x00007fff2c305000 	C:\Windows\SYSTEM32\profapi.dll

JVMTI agents: none

dbghelp: loaded successfully - version: 4.0.5 - missing functions: none
symbol engine: initialized successfully - sym options: 0x614 - pdb path: .;C:\Program Files\JetBrains\IntelliJ IDEA 2025.3\jbr\bin;C:\Windows\SYSTEM32;C:\Windows\WinSxS\amd64_microsoft.windows.common-controls_6595b64144ccf1df_6.0.22621.6060_none_2712eda17382d24b;C:\Program Files\JetBrains\IntelliJ IDEA 2025.3\jbr\bin\server

VM Arguments:
jvm_args: -Dclassworlds.conf=C:\maven\apache-maven-3.9.11-bin\apache-maven-3.9.11\bin\m2.conf -Dmaven.home=C:\maven\apache-maven-3.9.11-bin\apache-maven-3.9.11 -Dlibrary.jansi.path=C:\maven\apache-maven-3.9.11-bin\apache-maven-3.9.11\lib\jansi-native -Dmaven.multiModuleProjectDirectory=C:\Users\Еля\Desktop\Практика\Duty 
java_command: org.codehaus.plexus.classworlds.launcher.Launcher clean compile
java_class_path (initial): C:\maven\apache-maven-3.9.11-bin\apache-maven-3.9.11\boot\plexus-classworlds-2.9.0.jar
Launcher Type: SUN_STANDARD

[Global flags]
     intx CICompilerCount                          = 3                                         {product} {ergonomic}
     uint ConcGCThreads                            = 1                                         {product} {ergonomic}
     uint G1ConcRefinementThreads                  = 4                                         {product} {ergonomic}
   size_t G1HeapRegionSize                         = 1048576                                   {product} {ergonomic}
    uintx GCDrainStackTargetSize                   = 64                                        {product} {ergonomic}
   size_t InitialHeapSize                          = 100663296                                 {product} {ergonomic}
   size_t MarkStackSize                            = 4194304                                   {product} {ergonomic}
   size_t MaxHeapSize                              = 1598029824                                {product} {ergonomic}
   size_t MaxNewSize                               = 958398464                                 {product} {ergonomic}
   size_t MinHeapDeltaBytes                        = 1048576                                   {product} {ergonomic}
   size_t MinHeapSize                              = 8388608                                   {product} {ergonomic}
    uintx NonNMethodCodeHeapSize                   = 5832780                                {pd product} {ergonomic}
    uintx NonProfiledCodeHeapSize                  = 122912730                              {pd product} {ergonomic}
    uintx ProfiledCodeHeapSize                     = 122912730                              {pd product} {ergonomic}
    uintx ReservedCodeCacheSize                    = 251658240                              {pd product} {ergonomic}
     bool SegmentedCodeCache                       = true                                      {product} {ergonomic}
   size_t SoftMaxHeapSize                          = 1598029824                             {manageable} {ergonomic}
     bool UseCompressedOops                        = true                           {product lp64_product} {ergonomic}
     bool UseG1GC                                  = true                                      {product} {ergonomic}
     bool UseLargePagesIndividualAllocation        = false                                  {pd product} {ergonomic}

Logging:
Log output configuration:
 #0: stdout all=warning uptime,level,tags foldmultilines=false
 #1: stderr all=off uptime,level,tags foldmultilines=false

Environment Variables:
JAVA_HOME=C:\Program Files\JetBrains\IntelliJ IDEA 2025.3\jbr
PATH=C:\Program Files\Common Files\Oracle\Java\javapath;C:\Program Files (x86)\Common Files\Oracle\Java\javapath;C:\Windows\system32;C:\Windows;C:\Windows\System32\Wbem;C:\Windows\System32\WindowsPowerShell\v1.0\;C:\Windows\System32\OpenSSH\;C:\Program Files\Git\cmd;C:\Program Files (x86)\Windows Kits\10\Windows Performance Toolkit\;C:\Program Files\dotnet\;C:\Android\platform-tools;C:\ProgramData\chocolatey\bin;%JAVA_HOME%\bin;C:\Program Files\JetBrains\IntelliJ IDEA 2025.3\jbr\bin;C:\Users\Еля\AppData\Local\Programs\Python\Python311\Scripts\;C:\Users\Еля\AppData\Local\Programs\Python\Python311\;C:\Users\Еля\AppData\Local\Microsoft\WindowsApps;C:\Program Files\JetBrains\IntelliJ IDEA Community Edition 2024.3.5\bin;;C:\Program Files\JetBrains\IntelliJ IDEA 2025.3\bin;C:\Users\Еля\.dotnet\tools;C:\Users\Еля\AppData\Local\Programs\Microsoft VS Code\bin;C:\Users\Еля\AppData\Local\Pub\Cache\bin;C:\Program Files\Java\jdk-17\bin;C:\tools\flutter\bin;C:\Users\Еля\AppData\Local\GitHubDesktop\bin;C:\maven\apache-maven-3.9.11-bin\apache-maven-3.9.11\bin;
USERNAME=Еля
OS=Windows_NT
PROCESSOR_IDENTIFIER=AMD64 Family 23 Model 24 Stepping 1, AuthenticAMD
TMP=C:\Temp
TEMP=C:\Temp




Periodic native trim disabled

JNI global refs:
JNI global refs: 3, weak refs: 0

JNI global refs memory usage: 835, weak refs: 201

Process memory usage:
Resident Set Size: 25256K (0% of 6236300K total physical memory with 125400K free physical memory)

OOME stack traces (most recent first):
Classloader memory used:
Loader bootstrap                                                                       : 3292K

---------------  S Y S T E M  ---------------

OS:
 Windows 11 , 64 bit Build 22621 (10.0.22621.5415)
OS uptime: 0 days 2:05 hours

CPU: total 4 (initial active 4) (4 cores per cpu, 2 threads per core) family 23 model 24 stepping 1 microcode 0x0, cx8, cmov, fxsr, ht, mmx, 3dnowpref, sse, sse2, sse3, ssse3, sse4a, sse4.1, sse4.2, popcnt, lzcnt, tsc, tscinvbit, avx, avx2, aes, clmul, bmi1, bmi2, adx, sha, fma, vzeroupper, clflush, clflushopt, rdtscp, f16c
Processor Information for the first 4 processors :
  Max Mhz: 2600, Current Mhz: 2600, Mhz Limit: 2600

Memory: 4k page, system-wide physical 6090M (122M free)
TotalPageFile size 24522M (AvailPageFile size 2M)
current process WorkingSet (physical memory assigned to process): 24M, peak: 24M
current process commit charge ("private bytes"): 156M, peak: 178M

vm_info: OpenJDK 64-Bit Server VM (21.0.8+9-b1163.69) for windows-amd64 JRE (21.0.8+9-b1163.69), built on 2025-10-24 by "builduser" with MS VC++ 16.10 / 16.11 (VS2019)

END.
