#
# There is insufficient memory for the Java Runtime Environment to continue.
# Native memory allocation (mmap) failed to map 100663296 bytes. Error detail: G1 virtual space
# Possible reasons:
#   The system is out of physical RAM or swap space
#   This process is running with CompressedOops enabled, and the Java Heap may be blocking the growth of the native heap
# Possible solutions:
#   Reduce memory load on the system
#   Increase physical memory or swap space
#   Check if swap backing store is full
#   Decrease Java heap size (-Xmx/-Xms)
#   Decrease number of Java threads
#   Decrease Java thread stack sizes (-Xss)
#   Set larger code cache with -XX:ReservedCodeCacheSize=
#   JVM is running with Unscaled Compressed Oops mode in which the Java heap is
#     placed in the first 4GB address space. The Java Heap base address is the
#     maximum limit for the native heap growth. Please use -XX:HeapBaseMinAddress
#     to set the Java Heap base and to place the Java Heap above 4GB virtual address.
# This output file may be truncated or incomplete.
#
#  Out of Memory Error (os_windows.cpp:3925), pid=9092, tid=8000
#
# JRE version:  (21.0.8+9) (build )
# Java VM: OpenJDK 64-Bit Server VM (21.0.8+9-b1163.69, mixed mode, sharing, tiered, compressed oops, compressed class ptrs, g1 gc, windows-amd64)
# No core dump will be written. Minidumps are not enabled by default on client versions of Windows
#

---------------  S U M M A R Y ------------

Command Line: --module-path=C:\Users\Ελ\.m2\repository\org\openjfx\javafx-base\21.0.4\javafx-base-21.0.4-win.jar;C:\Users\Ελ\.m2\repository\org\openjfx\javafx-base\21.0.4\javafx-base-21.0.4.jar;C:\Users\Ελ\.m2\repository\org\openjfx\javafx-controls\21.0.4\javafx-controls-21.0.4-win.jar;C:\Users\Ελ\.m2\repository\org\openjfx\javafx-controls\21.0.4\javafx-controls-21.0.4.jar;C:\Users\Ελ\.m2\repository\org\openjfx\javafx-fxml\21.0.4\javafx-fxml-21.0.4-win.jar;C:\Users\Ελ\.m2\repository\org\openjfx\javafx-fxml\21.0.4\javafx-fxml-21.0.4.jar;C:\Users\Ελ\.m2\repository\org\openjfx\javafx-graphics\21.0.4\javafx-graphics-21.0.4-win.jar;C:\Users\Ελ\.m2\repository\org\openjfx\javafx-graphics\21.0.4\javafx-graphics-21.0.4.jar --add-modules=javafx.base,javafx.controls,javafx.fxml,javafx.graphics org.example.MainApp

Host: AMD Ryzen 3 3200U with Radeon Vega Mobile Gfx  , 4 cores, 5G,  Windows 11 , 64 bit Build 22621 (10.0.22621.5415)
Time: Thu Dec 18 10:52:48 2025 elapsed time: 0.075986 seconds (0d 0h 0m 0s)

---------------  T H R E A D  ---------------

Current thread (0x000000000049ff90):  JavaThread "Unknown thread" [_thread_in_vm, id=8000, stack(0x0000000002020000,0x0000000002120000) (1024K)]

Stack: [0x0000000002020000,0x0000000002120000]
Native frames: (J=compiled Java code, j=interpreted, Vv=VM code, C=native code)
V  [jvm.dll+0x6ebf99]
V  [jvm.dll+0x8cbfa3]
V  [jvm.dll+0x8ce55e]
V  [jvm.dll+0x8cec43]
V  [jvm.dll+0x28adf6]
V  [jvm.dll+0x6e8775]
V  [jvm.dll+0x6dbfca]
V  [jvm.dll+0x36689b]
V  [jvm.dll+0x36e466]
V  [jvm.dll+0x3c08c6]
V  [jvm.dll+0x3c0b98]
V  [jvm.dll+0x3390cc]
V  [jvm.dll+0x339dbb]
V  [jvm.dll+0x893429]
V  [jvm.dll+0x3cda98]
V  [jvm.dll+0x87c448]
V  [jvm.dll+0x46283e]
V  [jvm.dll+0x464521]
C  [jli.dll+0x52ab]
C  [ucrtbase.dll+0x29333]
C  [KERNEL32.DLL+0x1259d]
C  [ntdll.dll+0x5af78]


---------------  P R O C E S S  ---------------

Threads class SMR info:
_java_thread_list=0x00007ffee29042c8, length=0, elements={
}

Java Threads: ( => current thread )
Total: 0

Other Threads:
  0x0000000002ab3f20 WorkerThread "GC Thread#0"                     [id=2108, stack(0x00000000028d0000,0x00000000029d0000) (1024K)]
  0x0000000002ac0d80 ConcurrentGCThread "G1 Main Marker"            [id=1300, stack(0x0000000017890000,0x0000000017990000) (1024K)]
  0x0000000002ac1a30 WorkerThread "G1 Conc#0"                       [id=9040, stack(0x0000000017990000,0x0000000017a90000) (1024K)]

[error occurred during error reporting (printing all threads), id 0xc0000005, EXCEPTION_ACCESS_VIOLATION (0xc0000005) at pc=0x00007ffee1fec0b7]
VM state: not at safepoint (not fully initialized)

VM Mutex/Monitor currently owned by a thread:  ([mutex/lock_event])
[0x00007ffee2978d58] Heap_lock - owner thread: 0x000000000049ff90

Heap address: 0x00000000a0c00000, size: 1524 MB, Compressed Oops mode: 32-bit

CDS archive(s) mapped at: [0x0000000000000000-0x0000000000000000-0x0000000000000000), size 0, SharedBaseAddress: 0x0000000800000000, ArchiveRelocationMode: 1.
Narrow klass base: 0x0000000000000000, Narrow klass shift: 0, Narrow klass range: 0x0

GC Precious Log:
 CardTable entry size: 512
 Card Set container configuration: InlinePtr #cards 5 size 8 Array Of Cards #cards 12 size 40 Howl #buckets 4 coarsen threshold 1843 Howl Bitmap #cards 512 size 80 coarsen threshold 460 Card regions per heap region 1 cards per card region 2048

Heap:
 garbage-first heap   total 0K, used 0K [0x00000000a0c00000, 0x0000000100000000)
  region size 1024K, 0 young (0K), 0 survivors (0K)
 Metaspace       used 0K, committed 0K, reserved 0K
  class space    used 0K, committed 0K, reserved 0K

Heap Regions: E=young(eden), S=young(survivor), O=old, HS=humongous(starts), HC=humongous(continues), CS=collection set, F=free, TAMS=top-at-mark-start, PB=parsable bottom

Card table byte_map: [0x0000000015dc0000,0x00000000160c0000] _byte_map_base: 0x00000000158ba000

Marking Bits: (CMBitMap*) 0x0000000002ab4620
 Bits: [0x00000000160c0000, 0x0000000017890000)

GC Heap History (0 events):
No events

Dll operation events (1 events):
Event: 0.015 Loaded shared library C:\Program Files\JetBrains\IntelliJ IDEA 2025.3\jbr\bin\java.dll

Deoptimization events (0 events):
No events

Classes loaded (0 events):
No events

Classes unloaded (0 events):
No events

Classes redefined (0 events):
No events

Internal exceptions (0 events):
No events

ZGC Phase Switch (0 events):
No events

VM Operations (0 events):
No events

Memory protections (0 events):
No events

Nmethod flushes (0 events):
No events

Events (0 events):
No events


Dynamic libraries:
0x00007ff6b4110000 - 0x00007ff6b411a000 	C:\Program Files\JetBrains\IntelliJ IDEA 2025.3\jbr\bin\java.exe
0x00007fff2f2b0000 - 0x00007fff2f4c8000 	C:\Windows\SYSTEM32\ntdll.dll
0x00007fff2dd40000 - 0x00007fff2de04000 	C:\Windows\System32\KERNEL32.DLL
0x00007fff2c830000 - 0x00007fff2cc03000 	C:\Windows\System32\KERNELBASE.dll
0x00007fff2cc10000 - 0x00007fff2cd21000 	C:\Windows\System32\ucrtbase.dll
0x00007fff1c5c0000 - 0x00007fff1c5d8000 	C:\Program Files\JetBrains\IntelliJ IDEA 2025.3\jbr\bin\jli.dll
0x00007fff2d680000 - 0x00007fff2d832000 	C:\Windows\System32\USER32.dll
0x00007fff2cd30000 - 0x00007fff2cd56000 	C:\Windows\System32\win32u.dll
0x00007fff2f070000 - 0x00007fff2f099000 	C:\Windows\System32\GDI32.dll
0x00007fff2c5a0000 - 0x00007fff2c6c3000 	C:\Windows\System32\gdi32full.dll
0x00007fff19690000 - 0x00007fff196ab000 	C:\Program Files\JetBrains\IntelliJ IDEA 2025.3\jbr\bin\VCRUNTIME140.dll
0x00007fff19210000 - 0x00007fff194ac000 	C:\Windows\WinSxS\amd64_microsoft.windows.common-controls_6595b64144ccf1df_6.0.22621.6060_none_2712eda17382d24b\COMCTL32.dll
0x00007fff2ed60000 - 0x00007fff2ee07000 	C:\Windows\System32\msvcrt.dll
0x00007fff2c790000 - 0x00007fff2c82a000 	C:\Windows\System32\msvcp_win.dll
0x00007fff2d360000 - 0x00007fff2d391000 	C:\Windows\System32\IMM32.DLL
0x00007fff28830000 - 0x00007fff2883c000 	C:\Program Files\JetBrains\IntelliJ IDEA 2025.3\jbr\bin\vcruntime140_1.dll
0x00007fff16220000 - 0x00007fff162ad000 	C:\Program Files\JetBrains\IntelliJ IDEA 2025.3\jbr\bin\msvcp140.dll
0x00007ffee1ca0000 - 0x00007ffee2a6c000 	C:\Program Files\JetBrains\IntelliJ IDEA 2025.3\jbr\bin\server\jvm.dll
0x00007fff2f180000 - 0x00007fff2f231000 	C:\Windows\System32\ADVAPI32.dll
0x00007fff2ec60000 - 0x00007fff2ed08000 	C:\Windows\System32\sechost.dll
0x00007fff2c4f0000 - 0x00007fff2c518000 	C:\Windows\System32\bcrypt.dll
0x00007fff2ef50000 - 0x00007fff2f068000 	C:\Windows\System32\RPCRT4.dll
0x00007fff2e6b0000 - 0x00007fff2e721000 	C:\Windows\System32\WS2_32.dll
0x00007fff2c280000 - 0x00007fff2c2cd000 	C:\Windows\SYSTEM32\POWRPROF.dll
0x00007fff28a30000 - 0x00007fff28a64000 	C:\Windows\SYSTEM32\WINMM.dll
0x00007fff24510000 - 0x00007fff2451a000 	C:\Windows\SYSTEM32\VERSION.dll
0x00007fff2c260000 - 0x00007fff2c273000 	C:\Windows\SYSTEM32\UMPDC.dll
0x00007fff2b380000 - 0x00007fff2b398000 	C:\Windows\SYSTEM32\kernel.appcore.dll
0x00007fff28710000 - 0x00007fff2871a000 	C:\Program Files\JetBrains\IntelliJ IDEA 2025.3\jbr\bin\jimage.dll
0x00007fff0d1f0000 - 0x00007fff0d423000 	C:\Windows\SYSTEM32\DBGHELP.DLL
0x00007fff2cfc0000 - 0x00007fff2d352000 	C:\Windows\System32\combase.dll
0x00007fff2f0a0000 - 0x00007fff2f178000 	C:\Windows\System32\OLEAUT32.dll
0x00007fff0ca70000 - 0x00007fff0caa2000 	C:\Windows\SYSTEM32\dbgcore.DLL
0x00007fff2c520000 - 0x00007fff2c59b000 	C:\Windows\System32\bcryptPrimitives.dll
0x00007fff19670000 - 0x00007fff19690000 	C:\Program Files\JetBrains\IntelliJ IDEA 2025.3\jbr\bin\java.dll

JVMTI agents: none

dbghelp: loaded successfully - version: 4.0.5 - missing functions: none
symbol engine: initialized successfully - sym options: 0x614 - pdb path: .;C:\Program Files\JetBrains\IntelliJ IDEA 2025.3\jbr\bin;C:\Windows\SYSTEM32;C:\Windows\WinSxS\amd64_microsoft.windows.common-controls_6595b64144ccf1df_6.0.22621.6060_none_2712eda17382d24b;C:\Program Files\JetBrains\IntelliJ IDEA 2025.3\jbr\bin\server

VM Arguments:
jvm_args: --module-path=C:\Users\Ελ\.m2\repository\org\openjfx\javafx-base\21.0.4\javafx-base-21.0.4-win.jar;C:\Users\Ελ\.m2\repository\org\openjfx\javafx-base\21.0.4\javafx-base-21.0.4.jar;C:\Users\Ελ\.m2\repository\org\openjfx\javafx-controls\21.0.4\javafx-controls-21.0.4-win.jar;C:\Users\Ελ\.m2\repository\org\openjfx\javafx-controls\21.0.4\javafx-controls-21.0.4.jar;C:\Users\Ελ\.m2\repository\org\openjfx\javafx-fxml\21.0.4\javafx-fxml-21.0.4-win.jar;C:\Users\Ελ\.m2\repository\org\openjfx\javafx-fxml\21.0.4\javafx-fxml-21.0.4.jar;C:\Users\Ελ\.m2\repository\org\openjfx\javafx-graphics\21.0.4\javafx-graphics-21.0.4-win.jar;C:\Users\Ελ\.m2\repository\org\openjfx\javafx-graphics\21.0.4\javafx-graphics-21.0.4.jar --add-modules=javafx.base,javafx.controls,javafx.fxml,javafx.graphics 
java_command: org.example.MainApp
java_class_path (initial): C:\Users\Ελ\Desktop\Οπΰκςθκΰ\Duty\target\classes;C:\Users\Ελ\.m2\repository\com\github\virtuald\curvesapi\1.08\curvesapi-1.08.jar;C:\Users\Ελ\.m2\repository\com\zaxxer\SparseBitSet\1.3\SparseBitSet-1.3.jar;C:\Users\Ελ\.m2\repository\commons-codec\commons-codec\1.17.0\commons-codec-1.17.0.jar;C:\Users\Ελ\.m2\repository\commons-io\commons-io\2.16.1\commons-io-2.16.1.jar;C:\Users\Ελ\.m2\repository\org\apache\commons\commons-collections4\4.4\commons-collections4-4.4.jar;C:\Users\Ελ\.m2\repository\org\apache\commons\commons-compress\1.26.2\commons-compress-1.26.2.jar;C:\Users\Ελ\.m2\repository\org\apache\commons\commons-lang3\3.14.0\commons-lang3-3.14.0.jar;C:\Users\Ελ\.m2\repository\org\apache\commons\commons-math3\3.6.1\commons-math3-3.6.1.jar;C:\Users\Ελ\.m2\repository\org\apache\logging\log4j\log4j-api\2.23.1\log4j-api-2.23.1.jar;C:\Users\Ελ\.m2\repository\org\apache\poi\poi\5.3.0\poi-5.3.0.jar;C:\Users\Ελ\.m2\repository\org\apache\poi\poi-ooxml\5.3.0\poi-ooxml-5.3.0.jar;C:\Users\Ελ\.m2\repository\org\apache\poi\poi-ooxml-lite\5.3.0\poi-ooxml-lite-5.3.0.jar;C:\Users\Ελ\.m2\repository\org\apache\xmlbeans\xmlbeans\5.2.1\xmlbeans-5.2.1.jar;C:\Users\Ελ\.m2\repository\org\slf4j\slf4j-api\1.7.36\slf4j-api-1.7.36.jar;C:\Users\Ελ\.m2\repository\org\xerial\sqlite-jdbc\3.45.3.0\sqlite-jdbc-3.45.3.0.jar
Launcher Type: SUN_STANDARD

[Global flags]
     intx CICompilerCount                          = 3                                         {product} {ergonomic}
     uint ConcGCThreads                            = 1                                         {product} {ergonomic}
     uint G1ConcRefinementThreads                  = 4                                         {product} {ergonomic}
   size_t G1HeapRegionSize                         = 1048576                                   {product} {ergonomic}
    uintx GCDrainStackTargetSize                   = 64                                        {product} {ergonomic}
   size_t InitialHeapSize                          = 100663296                                 {product} {ergonomic}
   size_t MarkStackSize                            = 4194304                                   {product} {ergonomic}
   size_t MaxHeapSize                              = 1598029824                                {product} {ergonomic}
   size_t MinHeapDeltaBytes                        = 1048576                                   {product} {ergonomic}
   size_t MinHeapSize                              = 8388608                                   {product} {ergonomic}
    uintx NonNMethodCodeHeapSize                   = 5832780                                {pd product} {ergonomic}
    uintx NonProfiledCodeHeapSize                  = 122912730                              {pd product} {ergonomic}
    uintx ProfiledCodeHeapSize                     = 122912730                              {pd product} {ergonomic}
    uintx ReservedCodeCacheSize                    = 251658240                              {pd product} {ergonomic}
     bool SegmentedCodeCache                       = true                                      {product} {ergonomic}
   size_t SoftMaxHeapSize                          = 1598029824                             {manageable} {ergonomic}
     bool UseCompressedOops                        = true                           {product lp64_product} {ergonomic}
     bool UseG1GC                                  = true                                      {product} {ergonomic}
     bool UseLargePagesIndividualAllocation        = false                                  {pd product} {ergonomic}

Logging:
Log output configuration:
 #0: stdout all=warning uptime,level,tags foldmultilines=false
 #1: stderr all=off uptime,level,tags foldmultilines=false

Environment Variables:
JAVA_HOME=C:\Program Files\JetBrains\IntelliJ IDEA 2025.3\jbr
PATH=C:\Program Files\Common Files\Oracle\Java\javapath;C:\Program Files (x86)\Common Files\Oracle\Java\javapath;C:\Windows\system32;C:\Windows;C:\Windows\System32\Wbem;C:\Windows\System32\WindowsPowerShell\v1.0\;C:\Windows\System32\OpenSSH\;C:\Program Files\Git\cmd;C:\Program Files (x86)\Windows Kits\10\Windows Performance Toolkit\;C:\Program Files\dotnet\;C:\Android\platform-tools;C:\ProgramData\chocolatey\bin;%JAVA_HOME%\bin;C:\Program Files\JetBrains\IntelliJ IDEA 2025.3\jbr\bin;C:\Users\Ελ\AppData\Local\Programs\Python\Python311\Scripts\;C:\Users\Ελ\AppData\Local\Programs\Python\Python311\;C:\Users\Ελ\AppData\Local\Microsoft\WindowsApps;C:\Program Files\JetBrains\IntelliJ IDEA Community Edition 2024.3.5\bin;;C:\Program Files\JetBrains\IntelliJ IDEA 2025.3\bin;C:\Users\Ελ\.dotnet\tools;C:\Users\Ελ\AppData\Local\Programs\Microsoft VS Code\bin;C:\Users\Ελ\AppData\Local\Pub\Cache\bin;C:\Program Files\Java\jdk-17\bin;C:\tools\flutter\bin;C:\Users\Ελ\AppData\Local\GitHubDesktop\bin;C:\maven\apache-maven-3.9.11-bin\apache-maven-3.9.11\bin;
USERNAME=Ελ
OS=Windows_NT
PROCESSOR_IDENTIFIER=AMD64 Family 23 Model 24 Stepping 1, AuthenticAMD
TMP=C:\Temp
TEMP=C:\Temp




Periodic native trim disabled

JNI global refs:
JNI global refs: 0, weak refs: 0

JNI global refs memory usage: 0, weak refs: 0

Process memory usage:
Resident Set Size: 11544K (0% of 6236300K total physical memory with 120072K free physical memory)

OOME stack traces (most recent first):
Classloader memory used:

---------------  S Y S T E M  ---------------

OS:
 Windows 11 , 64 bit Build 22621 (10.0.22621.5415)
OS uptime: 0 days 2:05 hours

CPU: total 4 (initial active 4) (4 cores per cpu, 2 threads per core) family 23 model 24 stepping 1 microcode 0x0, cx8, cmov, fxsr, ht, mmx, 3dnowpref, sse, sse2, sse3, ssse3, sse4a, sse4.1, sse4.2, popcnt, lzcnt, tsc, tscinvbit, avx, avx2, aes, clmul, bmi1, bmi2, adx, sha, fma, vzeroupper, clflush, clflushopt, rdtscp, f16c
Processor Information for the first 4 processors :
  Max Mhz: 2600, Current Mhz: 2600, Mhz Limit: 2600

Memory: 4k page, system-wide physical 6090M (117M free)
TotalPageFile size 24522M (AvailPageFile size 62M)
current process WorkingSet (physical memory assigned to process): 11M, peak: 11M
current process commit charge ("private bytes"): 51M, peak: 147M

vm_info: OpenJDK 64-Bit Server VM (21.0.8+9-b1163.69) for windows-amd64 JRE (21.0.8+9-b1163.69), built on 2025-10-24 by "builduser" with MS VC++ 16.10 / 16.11 (VS2019)

END.
